{"/home/travis/build/npmtest/node-npmtest-pixi.js/test.js":{"path":"/home/travis/build/npmtest/node-npmtest-pixi.js/test.js","s":{"1":2,"2":2,"3":2,"4":2,"5":2,"6":2,"7":2,"8":1,"9":2,"10":2,"11":1,"12":1,"13":1,"14":1,"15":2,"16":2,"17":2,"18":2,"19":1,"20":1,"21":2,"22":2,"23":2,"24":1,"25":1,"26":1,"27":1,"28":1,"29":1,"30":1,"31":1,"32":1,"33":1,"34":1,"35":1,"36":1,"37":2,"38":2,"39":1,"40":2,"41":2,"42":1,"43":2,"44":2,"45":1,"46":2,"47":2,"48":1,"49":1,"50":1,"51":1,"52":1},"b":{"1":[2,1,1,1],"2":[1,1,1,1],"3":[1,1],"4":[1,1],"5":[1,1],"6":[1,1],"7":[1,1],"8":[1,1],"9":[1,1,1],"10":[1,1],"11":[1,1],"12":[1,1],"13":[1,1],"14":[1,1],"15":[1,1],"16":[1,1]},"f":{"1":2,"2":2,"3":2,"4":2,"5":2,"6":1,"7":1,"8":2,"9":2,"10":2,"11":2,"12":1},"fnMap":{"1":{"name":"(anonymous_1)","line":12,"loc":{"start":{"line":12,"column":1},"end":{"line":12,"column":13}}},"2":{"name":"(anonymous_2)","line":19,"loc":{"start":{"line":19,"column":5},"end":{"line":19,"column":17}}},"3":{"name":"(anonymous_3)","line":23,"loc":{"start":{"line":23,"column":24},"end":{"line":23,"column":36}}},"4":{"name":"(anonymous_4)","line":61,"loc":{"start":{"line":61,"column":5},"end":{"line":61,"column":17}}},"5":{"name":"(anonymous_5)","line":82,"loc":{"start":{"line":82,"column":5},"end":{"line":82,"column":17}}},"6":{"name":"(anonymous_6)","line":102,"loc":{"start":{"line":102,"column":83},"end":{"line":105,"column":10}},"skip":true},"7":{"name":"(anonymous_7)","line":113,"loc":{"start":{"line":113,"column":77},"end":{"line":116,"column":10}},"skip":true},"8":{"name":"(anonymous_8)","line":129,"loc":{"start":{"line":129,"column":12},"end":{"line":129,"column":40}},"skip":true},"9":{"name":"(anonymous_9)","line":137,"loc":{"start":{"line":137,"column":77},"end":{"line":140,"column":10}},"skip":true},"10":{"name":"(anonymous_10)","line":148,"loc":{"start":{"line":148,"column":83},"end":{"line":151,"column":10}},"skip":true},"11":{"name":"(anonymous_11)","line":159,"loc":{"start":{"line":159,"column":79},"end":{"line":162,"column":10}},"skip":true},"12":{"name":"(anonymous_12)","line":170,"loc":{"start":{"line":170,"column":75},"end":{"line":173,"column":10}},"skip":true}},"statementMap":{"1":{"start":{"line":12,"column":0},"end":{"line":185,"column":5}},"2":{"start":{"line":14,"column":4},"end":{"line":14,"column":14}},"3":{"start":{"line":19,"column":4},"end":{"line":56,"column":9}},"4":{"start":{"line":21,"column":8},"end":{"line":21,"column":19}},"5":{"start":{"line":23,"column":8},"end":{"line":35,"column":13}},"6":{"start":{"line":24,"column":12},"end":{"line":34,"column":13}},"7":{"start":{"line":25,"column":16},"end":{"line":28,"column":30}},"8":{"start":{"line":30,"column":16},"end":{"line":33,"column":27}},"9":{"start":{"line":37,"column":8},"end":{"line":39,"column":21}},"10":{"start":{"line":40,"column":8},"end":{"line":53,"column":9}},"11":{"start":{"line":43,"column":12},"end":{"line":46,"column":14}},"12":{"start":{"line":47,"column":12},"end":{"line":47,"column":18}},"13":{"start":{"line":50,"column":12},"end":{"line":51,"column":46}},"14":{"start":{"line":52,"column":12},"end":{"line":52,"column":18}},"15":{"start":{"line":55,"column":8},"end":{"line":55,"column":35}},"16":{"start":{"line":61,"column":4},"end":{"line":63,"column":9}},"17":{"start":{"line":62,"column":8},"end":{"line":62,"column":15}},"18":{"start":{"line":64,"column":4},"end":{"line":77,"column":5}},"19":{"start":{"line":70,"column":8},"end":{"line":70,"column":14}},"20":{"start":{"line":76,"column":8},"end":{"line":76,"column":14}},"21":{"start":{"line":82,"column":4},"end":{"line":84,"column":9}},"22":{"start":{"line":83,"column":8},"end":{"line":83,"column":15}},"23":{"start":{"line":85,"column":4},"end":{"line":184,"column":5}},"24":{"start":{"line":92,"column":8},"end":{"line":94,"column":63}},"25":{"start":{"line":95,"column":8},"end":{"line":95,"column":14}},"26":{"start":{"line":102,"column":8},"end":{"line":111,"column":10},"skip":true},"27":{"start":{"line":109,"column":12},"end":{"line":109,"column":55},"skip":true},"28":{"start":{"line":110,"column":12},"end":{"line":110,"column":48},"skip":true},"29":{"start":{"line":113,"column":8},"end":{"line":126,"column":10},"skip":true},"30":{"start":{"line":120,"column":12},"end":{"line":120,"column":76},"skip":true},"31":{"start":{"line":121,"column":12},"end":{"line":121,"column":73},"skip":true},"32":{"start":{"line":122,"column":12},"end":{"line":122,"column":74},"skip":true},"33":{"start":{"line":123,"column":12},"end":{"line":123,"column":79},"skip":true},"34":{"start":{"line":124,"column":12},"end":{"line":124,"column":25},"skip":true},"35":{"start":{"line":125,"column":12},"end":{"line":125,"column":45},"skip":true},"36":{"start":{"line":128,"column":8},"end":{"line":135,"column":14},"skip":true},"37":{"start":{"line":133,"column":16},"end":{"line":133,"column":29},"skip":true},"38":{"start":{"line":134,"column":16},"end":{"line":134,"column":55},"skip":true},"39":{"start":{"line":137,"column":8},"end":{"line":146,"column":10},"skip":true},"40":{"start":{"line":144,"column":12},"end":{"line":144,"column":25},"skip":true},"41":{"start":{"line":145,"column":12},"end":{"line":145,"column":45},"skip":true},"42":{"start":{"line":148,"column":8},"end":{"line":157,"column":10},"skip":true},"43":{"start":{"line":155,"column":12},"end":{"line":155,"column":25},"skip":true},"44":{"start":{"line":156,"column":12},"end":{"line":156,"column":48},"skip":true},"45":{"start":{"line":159,"column":8},"end":{"line":168,"column":10},"skip":true},"46":{"start":{"line":166,"column":12},"end":{"line":166,"column":25},"skip":true},"47":{"start":{"line":167,"column":12},"end":{"line":167,"column":46},"skip":true},"48":{"start":{"line":170,"column":8},"end":{"line":179,"column":10},"skip":true},"49":{"start":{"line":177,"column":12},"end":{"line":177,"column":94},"skip":true},"50":{"start":{"line":178,"column":12},"end":{"line":178,"column":48},"skip":true},"51":{"start":{"line":182,"column":8},"end":{"line":182,"column":35},"skip":true},"52":{"start":{"line":183,"column":8},"end":{"line":183,"column":14},"skip":true}},"branchMap":{"1":{"line":25,"type":"binary-expr","locations":[{"start":{"line":25,"column":23},"end":{"line":25,"column":62}},{"start":{"line":26,"column":20},"end":{"line":26,"column":70}},{"start":{"line":27,"column":20},"end":{"line":27,"column":71}},{"start":{"line":28,"column":20},"end":{"line":28,"column":29}}]},"2":{"line":30,"type":"binary-expr","locations":[{"start":{"line":30,"column":23},"end":{"line":30,"column":37}},{"start":{"line":31,"column":20},"end":{"line":31,"column":61}},{"start":{"line":32,"column":20},"end":{"line":32,"column":70}},{"start":{"line":33,"column":20},"end":{"line":33,"column":26}}]},"3":{"line":37,"type":"cond-expr","locations":[{"start":{"line":38,"column":14},"end":{"line":38,"column":20}},{"start":{"line":39,"column":14},"end":{"line":39,"column":20}}]},"4":{"line":40,"type":"switch","locations":[{"start":{"line":42,"column":8},"end":{"line":47,"column":18}},{"start":{"line":49,"column":8},"end":{"line":52,"column":18}}]},"5":{"line":44,"type":"binary-expr","locations":[{"start":{"line":44,"column":16},"end":{"line":44,"column":44}},{"start":{"line":44,"column":48},"end":{"line":44,"column":66}}]},"6":{"line":50,"type":"binary-expr","locations":[{"start":{"line":50,"column":21},"end":{"line":50,"column":49}},{"start":{"line":50,"column":53},"end":{"line":50,"column":72}}]},"7":{"line":64,"type":"switch","locations":[{"start":{"line":69,"column":4},"end":{"line":70,"column":14}},{"start":{"line":75,"column":4},"end":{"line":76,"column":14}}]},"8":{"line":85,"type":"switch","locations":[{"start":{"line":90,"column":4},"end":{"line":95,"column":14}},{"start":{"line":101,"column":4},"end":{"line":183,"column":14},"skip":true}]},"9":{"line":92,"type":"binary-expr","locations":[{"start":{"line":92,"column":18},"end":{"line":92,"column":32}},{"start":{"line":93,"column":12},"end":{"line":93,"column":53}},{"start":{"line":94,"column":12},"end":{"line":94,"column":61}}]},"10":{"line":102,"type":"binary-expr","locations":[{"start":{"line":102,"column":45},"end":{"line":102,"column":79},"skip":true},{"start":{"line":102,"column":83},"end":{"line":111,"column":9},"skip":true}]},"11":{"line":113,"type":"binary-expr","locations":[{"start":{"line":113,"column":42},"end":{"line":113,"column":73},"skip":true},{"start":{"line":113,"column":77},"end":{"line":126,"column":9},"skip":true}]},"12":{"line":128,"type":"binary-expr","locations":[{"start":{"line":128,"column":48},"end":{"line":128,"column":85},"skip":true},{"start":{"line":129,"column":12},"end":{"line":135,"column":13},"skip":true}]},"13":{"line":137,"type":"binary-expr","locations":[{"start":{"line":137,"column":42},"end":{"line":137,"column":73},"skip":true},{"start":{"line":137,"column":77},"end":{"line":146,"column":9},"skip":true}]},"14":{"line":148,"type":"binary-expr","locations":[{"start":{"line":148,"column":45},"end":{"line":148,"column":79},"skip":true},{"start":{"line":148,"column":83},"end":{"line":157,"column":9},"skip":true}]},"15":{"line":159,"type":"binary-expr","locations":[{"start":{"line":159,"column":43},"end":{"line":159,"column":75},"skip":true},{"start":{"line":159,"column":79},"end":{"line":168,"column":9},"skip":true}]},"16":{"line":170,"type":"binary-expr","locations":[{"start":{"line":170,"column":41},"end":{"line":170,"column":71},"skip":true},{"start":{"line":170,"column":75},"end":{"line":179,"column":9},"skip":true}]}},"code":["/* istanbul instrument in package npmtest_pixi_js */","/*jslint","    bitwise: true,","    browser: true,","    maxerr: 8,","    maxlen: 96,","    node: true,","    nomen: true,","    regexp: true,","    stupid: true","*/","(function () {","    'use strict';","    var local;","","","","    // run shared js-env code - pre-init","    (function () {","        // init local","        local = {};","        // init modeJs","        local.modeJs = (function () {","            try {","                return typeof navigator.userAgent === 'string' &&","                    typeof document.querySelector('body') === 'object' &&","                    typeof XMLHttpRequest.prototype.open === 'function' &&","                    'browser';","            } catch (errorCaughtBrowser) {","                return module.exports &&","                    typeof process.versions.node === 'string' &&","                    typeof require('http').createServer === 'function' &&","                    'node';","            }","        }());","        // init global","        local.global = local.modeJs === 'browser'","            ? window","            : global;","        switch (local.modeJs) {","        // re-init local from window.local","        case 'browser':","            local = local.global.utility2.objectSetDefault(","                local.global.utility2_rollup || local.global.local,","                local.global.utility2","            );","            break;","        // re-init local from example.js","        case 'node':","            local = (local.global.utility2_rollup || require('utility2'))","                .requireExampleJsFromReadme();","            break;","        }","        // export local","        local.global.local = local;","    }());","","","","    // run shared js-env code - function","    (function () {","        return;","    }());","    switch (local.modeJs) {","","","","    // run browser js-env code - function","    case 'browser':","        break;","","","","    // run node js-env code - function","    case 'node':","        break;","    }","","","","    // run shared js-env code - post-init","    (function () {","        return;","    }());","    switch (local.modeJs) {","","","","    // run browser js-env code - post-init","    case 'browser':","        // run tests","        local.nop(local.modeTest &&","            document.querySelector('#testRunButton1') &&","            document.querySelector('#testRunButton1').click());","        break;","","","","    // run node js-env code - post-init","    /* istanbul ignore next */","    case 'node':","        local.testCase_buildApidoc_default = local.testCase_buildApidoc_default || function (","            options,","            onError","        ) {","        /*","         * this function will test buildApidoc's default handling-behavior-behavior","         */","            options = { modulePathList: module.paths };","            local.buildApidoc(options, onError);","        };","","        local.testCase_buildApp_default = local.testCase_buildApp_default || function (","            options,","            onError","        ) {","        /*","         * this function will test buildApp's default handling-behavior-behavior","         */","            local.testCase_buildReadme_default(options, local.onErrorThrow);","            local.testCase_buildLib_default(options, local.onErrorThrow);","            local.testCase_buildTest_default(options, local.onErrorThrow);","            local.testCase_buildCustomOrg_default(options, local.onErrorThrow);","            options = [];","            local.buildApp(options, onError);","        };","","        local.testCase_buildCustomOrg_default = local.testCase_buildCustomOrg_default ||","            function (options, onError) {","            /*","             * this function will test buildCustomOrg's default handling-behavior","             */","                options = {};","                local.buildCustomOrg(options, onError);","            };","","        local.testCase_buildLib_default = local.testCase_buildLib_default || function (","            options,","            onError","        ) {","        /*","         * this function will test buildLib's default handling-behavior","         */","            options = {};","            local.buildLib(options, onError);","        };","","        local.testCase_buildReadme_default = local.testCase_buildReadme_default || function (","            options,","            onError","        ) {","        /*","         * this function will test buildReadme's default handling-behavior-behavior","         */","            options = {};","            local.buildReadme(options, onError);","        };","","        local.testCase_buildTest_default = local.testCase_buildTest_default || function (","            options,","            onError","        ) {","        /*","         * this function will test buildTest's default handling-behavior","         */","            options = {};","            local.buildTest(options, onError);","        };","","        local.testCase_webpage_default = local.testCase_webpage_default || function (","            options,","            onError","        ) {","        /*","         * this function will test webpage's default handling-behavior","         */","            options = { modeCoverageMerge: true, url: local.serverLocalHost + '?modeTest=1' };","            local.browserTest(options, onError);","        };","","        // run test-server","        local.testRunServer(local);","        break;","    }","}());",""],"l":{"12":2,"14":2,"19":2,"21":2,"23":2,"24":2,"25":2,"30":1,"37":2,"40":2,"43":1,"47":1,"50":1,"52":1,"55":2,"61":2,"62":2,"64":2,"70":1,"76":1,"82":2,"83":2,"85":2,"92":1,"95":1,"102":1,"109":1,"110":1,"113":1,"120":1,"121":1,"122":1,"123":1,"124":1,"125":1,"128":1,"133":2,"134":2,"137":1,"144":2,"145":2,"148":1,"155":2,"156":2,"159":1,"166":2,"167":2,"170":1,"177":1,"178":1,"182":1,"183":1}},"/home/travis/build/npmtest/node-npmtest-pixi.js/lib.npmtest_pixi.js.js":{"path":"/home/travis/build/npmtest/node-npmtest-pixi.js/lib.npmtest_pixi.js.js","s":{"1":2,"2":2,"3":2,"4":2,"5":2,"6":2,"7":2,"8":1,"9":2,"10":2,"11":2,"12":2,"13":1,"14":1,"15":1,"16":1},"b":{"1":[2,1,1,1],"2":[1,1,1,1],"3":[1,1],"4":[2,2],"5":[1,1]},"f":{"1":2,"2":2,"3":2},"fnMap":{"1":{"name":"(anonymous_1)","line":12,"loc":{"start":{"line":12,"column":1},"end":{"line":12,"column":13}}},"2":{"name":"(anonymous_2)","line":19,"loc":{"start":{"line":19,"column":5},"end":{"line":19,"column":17}}},"3":{"name":"(anonymous_3)","line":23,"loc":{"start":{"line":23,"column":24},"end":{"line":23,"column":36}}}},"statementMap":{"1":{"start":{"line":12,"column":0},"end":{"line":53,"column":5}},"2":{"start":{"line":14,"column":4},"end":{"line":14,"column":14}},"3":{"start":{"line":19,"column":4},"end":{"line":52,"column":9}},"4":{"start":{"line":21,"column":8},"end":{"line":21,"column":19}},"5":{"start":{"line":23,"column":8},"end":{"line":35,"column":13}},"6":{"start":{"line":24,"column":12},"end":{"line":34,"column":13}},"7":{"start":{"line":25,"column":16},"end":{"line":28,"column":30}},"8":{"start":{"line":30,"column":16},"end":{"line":33,"column":27}},"9":{"start":{"line":37,"column":8},"end":{"line":39,"column":21}},"10":{"start":{"line":41,"column":8},"end":{"line":41,"column":54}},"11":{"start":{"line":43,"column":8},"end":{"line":43,"column":52}},"12":{"start":{"line":45,"column":8},"end":{"line":51,"column":9}},"13":{"start":{"line":46,"column":12},"end":{"line":46,"column":58}},"14":{"start":{"line":48,"column":12},"end":{"line":48,"column":35}},"15":{"start":{"line":49,"column":12},"end":{"line":49,"column":49}},"16":{"start":{"line":50,"column":12},"end":{"line":50,"column":43}}},"branchMap":{"1":{"line":25,"type":"binary-expr","locations":[{"start":{"line":25,"column":23},"end":{"line":25,"column":62}},{"start":{"line":26,"column":20},"end":{"line":26,"column":70}},{"start":{"line":27,"column":20},"end":{"line":27,"column":71}},{"start":{"line":28,"column":20},"end":{"line":28,"column":29}}]},"2":{"line":30,"type":"binary-expr","locations":[{"start":{"line":30,"column":23},"end":{"line":30,"column":37}},{"start":{"line":31,"column":20},"end":{"line":31,"column":61}},{"start":{"line":32,"column":20},"end":{"line":32,"column":70}},{"start":{"line":33,"column":20},"end":{"line":33,"column":26}}]},"3":{"line":37,"type":"cond-expr","locations":[{"start":{"line":38,"column":14},"end":{"line":38,"column":20}},{"start":{"line":39,"column":14},"end":{"line":39,"column":20}}]},"4":{"line":41,"type":"binary-expr","locations":[{"start":{"line":41,"column":16},"end":{"line":41,"column":44}},{"start":{"line":41,"column":48},"end":{"line":41,"column":53}}]},"5":{"line":45,"type":"if","locations":[{"start":{"line":45,"column":8},"end":{"line":45,"column":8}},{"start":{"line":45,"column":8},"end":{"line":45,"column":8}}]}},"code":["/* istanbul instrument in package npmtest_pixi_js */","/*jslint","    bitwise: true,","    browser: true,","    maxerr: 8,","    maxlen: 96,","    node: true,","    nomen: true,","    regexp: true,","    stupid: true","*/","(function () {","    'use strict';","    var local;","","","","    // run shared js-env code - pre-init","    (function () {","        // init local","        local = {};","        // init modeJs","        local.modeJs = (function () {","            try {","                return typeof navigator.userAgent === 'string' &&","                    typeof document.querySelector('body') === 'object' &&","                    typeof XMLHttpRequest.prototype.open === 'function' &&","                    'browser';","            } catch (errorCaughtBrowser) {","                return module.exports &&","                    typeof process.versions.node === 'string' &&","                    typeof require('http').createServer === 'function' &&","                    'node';","            }","        }());","        // init global","        local.global = local.modeJs === 'browser'","            ? window","            : global;","        // init utility2_rollup","        local = local.global.utility2_rollup || local;","        // init lib","        local.local = local.npmtest_pixi_js = local;","        // init exports","        if (local.modeJs === 'browser') {","            local.global.utility2_npmtest_pixi_js = local;","        } else {","            module.exports = local;","            module.exports.__dirname = __dirname;","            module.exports.module = module;","        }","    }());","}());",""],"l":{"12":2,"14":2,"19":2,"21":2,"23":2,"24":2,"25":2,"30":1,"37":2,"41":2,"43":2,"45":2,"46":1,"48":1,"49":1,"50":1}},"/home/travis/build/npmtest/node-npmtest-pixi.js/example.js":{"path":"/home/travis/build/npmtest/node-npmtest-pixi.js/example.js","s":{"1":2,"2":2,"3":2,"4":2,"5":2,"6":2,"7":2,"8":1,"9":2,"10":2,"11":2,"12":2,"13":1,"14":2,"15":2,"16":2,"17":2,"18":2,"19":0,"20":2,"21":1,"22":1,"23":1,"24":1,"25":1,"26":0,"27":0,"28":1,"29":1,"30":2,"31":0,"32":0,"33":0,"34":1,"35":2,"36":2,"37":2,"38":2,"39":2,"40":2,"41":0,"42":2,"43":2,"44":2,"45":1,"46":3,"47":1,"48":1,"49":1,"50":1,"51":1,"52":1,"53":1,"54":1,"55":1,"56":1,"57":0,"58":1,"59":6,"60":6,"61":1,"62":2,"63":0,"64":2,"65":1,"66":1,"67":0,"68":0,"69":0,"70":0,"71":0,"72":0,"73":0,"74":0,"75":0,"76":0,"77":0,"78":0,"79":0,"80":0,"81":0,"82":0,"83":0},"b":{"1":[2,1,1,1],"2":[1,1,1,1],"3":[1,1],"4":[2,2],"5":[1,1],"6":[1,1],"7":[2,0],"8":[2,1,1,1,1,1],"9":[0,2,0],"10":[1,1],"11":[2,1,1],"12":[1,0],"13":[0,2],"14":[2,0,0,0,0,0,0],"15":[0,2],"16":[2,0],"17":[1,1],"18":[0,1],"19":[1,2,0,2],"20":[1,0],"21":[1,1],"22":[0,0],"23":[0,0],"24":[0,0],"25":[0,0],"26":[0,0],"27":[0,0],"28":[0,0]},"f":{"1":2,"2":2,"3":2,"4":2,"5":2,"6":2,"7":2,"8":2,"9":3,"10":1,"11":6,"12":0},"fnMap":{"1":{"name":"(anonymous_1)","line":26,"loc":{"start":{"line":26,"column":1},"end":{"line":26,"column":13}}},"2":{"name":"(anonymous_2)","line":33,"loc":{"start":{"line":33,"column":5},"end":{"line":33,"column":17}}},"3":{"name":"(anonymous_3)","line":37,"loc":{"start":{"line":37,"column":24},"end":{"line":37,"column":36}}},"4":{"name":"(anonymous_4)","line":69,"loc":{"start":{"line":69,"column":31},"end":{"line":69,"column":48}},"skip":true},"5":{"name":"(anonymous_5)","line":78,"loc":{"start":{"line":78,"column":26},"end":{"line":78,"column":45}},"skip":true},"6":{"name":"(anonymous_6)","line":123,"loc":{"start":{"line":123,"column":33},"end":{"line":123,"column":48}},"skip":true},"7":{"name":"(anonymous_7)","line":125,"loc":{"start":{"line":125,"column":27},"end":{"line":125,"column":39}},"skip":true},"8":{"name":"(anonymous_8)","line":133,"loc":{"start":{"line":133,"column":59},"end":{"line":133,"column":74}},"skip":true},"9":{"name":"(anonymous_9)","line":143,"loc":{"start":{"line":143,"column":45},"end":{"line":143,"column":62}},"skip":true},"10":{"name":"(anonymous_10)","line":144,"loc":{"start":{"line":144,"column":73},"end":{"line":144,"column":92}},"skip":true},"11":{"name":"(anonymous_11)","line":272,"loc":{"start":{"line":272,"column":51},"end":{"line":272,"column":77}},"skip":true},"12":{"name":"(anonymous_12)","line":314,"loc":{"start":{"line":314,"column":32},"end":{"line":314,"column":61}},"skip":true}},"statementMap":{"1":{"start":{"line":26,"column":0},"end":{"line":325,"column":5}},"2":{"start":{"line":28,"column":4},"end":{"line":28,"column":14}},"3":{"start":{"line":33,"column":4},"end":{"line":60,"column":9}},"4":{"start":{"line":35,"column":8},"end":{"line":35,"column":19}},"5":{"start":{"line":37,"column":8},"end":{"line":49,"column":13}},"6":{"start":{"line":38,"column":12},"end":{"line":48,"column":13}},"7":{"start":{"line":39,"column":16},"end":{"line":42,"column":30}},"8":{"start":{"line":44,"column":16},"end":{"line":47,"column":27}},"9":{"start":{"line":51,"column":8},"end":{"line":53,"column":21}},"10":{"start":{"line":55,"column":8},"end":{"line":57,"column":45}},"11":{"start":{"line":59,"column":8},"end":{"line":59,"column":35}},"12":{"start":{"line":61,"column":4},"end":{"line":324,"column":5}},"13":{"start":{"line":69,"column":8},"end":{"line":121,"column":10},"skip":true},"14":{"start":{"line":70,"column":12},"end":{"line":88,"column":13},"skip":true},"15":{"start":{"line":76,"column":16},"end":{"line":87,"column":19},"skip":true},"16":{"start":{"line":79,"column":20},"end":{"line":86,"column":21},"skip":true},"17":{"start":{"line":82,"column":24},"end":{"line":82,"column":43},"skip":true},"18":{"start":{"line":83,"column":24},"end":{"line":83,"column":30},"skip":true},"19":{"start":{"line":85,"column":24},"end":{"line":85,"column":49},"skip":true},"20":{"start":{"line":89,"column":12},"end":{"line":107,"column":13},"skip":true},"21":{"start":{"line":92,"column":16},"end":{"line":102,"column":17},"skip":true},"22":{"start":{"line":93,"column":20},"end":{"line":93,"column":86},"skip":true},"23":{"start":{"line":94,"column":20},"end":{"line":95,"column":45},"skip":true},"24":{"start":{"line":96,"column":20},"end":{"line":96,"column":42},"skip":true},"25":{"start":{"line":97,"column":20},"end":{"line":97,"column":48},"skip":true},"26":{"start":{"line":100,"column":20},"end":{"line":100,"column":85},"skip":true},"27":{"start":{"line":101,"column":20},"end":{"line":101,"column":96},"skip":true},"28":{"start":{"line":103,"column":16},"end":{"line":103,"column":22},"skip":true},"29":{"start":{"line":106,"column":16},"end":{"line":106,"column":22},"skip":true},"30":{"start":{"line":108,"column":12},"end":{"line":120,"column":13},"skip":true},"31":{"start":{"line":114,"column":16},"end":{"line":119,"column":17},"skip":true},"32":{"start":{"line":116,"column":20},"end":{"line":116,"column":78},"skip":true},"33":{"start":{"line":118,"column":20},"end":{"line":118,"column":47},"skip":true},"34":{"start":{"line":123,"column":8},"end":{"line":141,"column":11},"skip":true},"35":{"start":{"line":124,"column":12},"end":{"line":124,"column":54},"skip":true},"36":{"start":{"line":125,"column":12},"end":{"line":140,"column":14},"skip":true},"37":{"start":{"line":126,"column":16},"end":{"line":126,"column":28},"skip":true},"38":{"start":{"line":127,"column":16},"end":{"line":127,"column":69},"skip":true},"39":{"start":{"line":128,"column":16},"end":{"line":128,"column":75},"skip":true},"40":{"start":{"line":129,"column":16},"end":{"line":131,"column":17},"skip":true},"41":{"start":{"line":130,"column":20},"end":{"line":130,"column":27},"skip":true},"42":{"start":{"line":133,"column":16},"end":{"line":137,"column":36},"skip":true},"43":{"start":{"line":134,"column":20},"end":{"line":136,"column":55},"skip":true},"44":{"start":{"line":139,"column":16},"end":{"line":139,"column":57},"skip":true},"45":{"start":{"line":143,"column":8},"end":{"line":147,"column":11},"skip":true},"46":{"start":{"line":144,"column":12},"end":{"line":146,"column":15},"skip":true},"47":{"start":{"line":145,"column":16},"end":{"line":145,"column":70},"skip":true},"48":{"start":{"line":149,"column":8},"end":{"line":149,"column":31},"skip":true},"49":{"start":{"line":150,"column":8},"end":{"line":150,"column":14},"skip":true},"50":{"start":{"line":158,"column":8},"end":{"line":158,"column":31},"skip":true},"51":{"start":{"line":160,"column":8},"end":{"line":160,"column":33},"skip":true},"52":{"start":{"line":161,"column":8},"end":{"line":161,"column":37},"skip":true},"53":{"start":{"line":162,"column":8},"end":{"line":162,"column":35},"skip":true},"54":{"start":{"line":164,"column":8},"end":{"line":164,"column":50},"skip":true},"55":{"start":{"line":166,"column":8},"end":{"line":256,"column":2},"skip":true},"56":{"start":{"line":258,"column":8},"end":{"line":286,"column":9},"skip":true},"57":{"start":{"line":259,"column":12},"end":{"line":269,"column":14},"skip":true},"58":{"start":{"line":271,"column":12},"end":{"line":285,"column":19},"skip":true},"59":{"start":{"line":274,"column":20},"end":{"line":274,"column":35},"skip":true},"60":{"start":{"line":275,"column":20},"end":{"line":284,"column":21},"skip":true},"61":{"start":{"line":277,"column":24},"end":{"line":277,"column":64},"skip":true},"62":{"start":{"line":279,"column":24},"end":{"line":279,"column":40},"skip":true},"63":{"start":{"line":281,"column":24},"end":{"line":281,"column":40},"skip":true},"64":{"start":{"line":283,"column":24},"end":{"line":283,"column":39},"skip":true},"65":{"start":{"line":288,"column":8},"end":{"line":290,"column":9},"skip":true},"66":{"start":{"line":289,"column":12},"end":{"line":289,"column":18},"skip":true},"67":{"start":{"line":291,"column":8},"end":{"line":293,"column":54},"skip":true},"68":{"start":{"line":294,"column":8},"end":{"line":301,"column":37},"skip":true},"69":{"start":{"line":302,"column":8},"end":{"line":302,"column":82},"skip":true},"70":{"start":{"line":305,"column":8},"end":{"line":307,"column":9},"skip":true},"71":{"start":{"line":306,"column":12},"end":{"line":306,"column":82},"skip":true},"72":{"start":{"line":309,"column":8},"end":{"line":311,"column":9},"skip":true},"73":{"start":{"line":310,"column":12},"end":{"line":310,"column":18},"skip":true},"74":{"start":{"line":312,"column":8},"end":{"line":312,"column":54},"skip":true},"75":{"start":{"line":313,"column":8},"end":{"line":313,"column":69},"skip":true},"76":{"start":{"line":314,"column":8},"end":{"line":322,"column":36},"skip":true},"77":{"start":{"line":315,"column":12},"end":{"line":315,"column":61},"skip":true},"78":{"start":{"line":316,"column":12},"end":{"line":319,"column":13},"skip":true},"79":{"start":{"line":317,"column":16},"end":{"line":317,"column":75},"skip":true},"80":{"start":{"line":318,"column":16},"end":{"line":318,"column":23},"skip":true},"81":{"start":{"line":320,"column":12},"end":{"line":320,"column":38},"skip":true},"82":{"start":{"line":321,"column":12},"end":{"line":321,"column":27},"skip":true},"83":{"start":{"line":323,"column":8},"end":{"line":323,"column":14},"skip":true}},"branchMap":{"1":{"line":39,"type":"binary-expr","locations":[{"start":{"line":39,"column":23},"end":{"line":39,"column":62}},{"start":{"line":40,"column":20},"end":{"line":40,"column":70}},{"start":{"line":41,"column":20},"end":{"line":41,"column":71}},{"start":{"line":42,"column":20},"end":{"line":42,"column":29}}]},"2":{"line":44,"type":"binary-expr","locations":[{"start":{"line":44,"column":23},"end":{"line":44,"column":37}},{"start":{"line":45,"column":20},"end":{"line":45,"column":61}},{"start":{"line":46,"column":20},"end":{"line":46,"column":70}},{"start":{"line":47,"column":20},"end":{"line":47,"column":26}}]},"3":{"line":51,"type":"cond-expr","locations":[{"start":{"line":52,"column":14},"end":{"line":52,"column":20}},{"start":{"line":53,"column":14},"end":{"line":53,"column":20}}]},"4":{"line":55,"type":"binary-expr","locations":[{"start":{"line":55,"column":16},"end":{"line":55,"column":44}},{"start":{"line":55,"column":49},"end":{"line":57,"column":43}}]},"5":{"line":55,"type":"cond-expr","locations":[{"start":{"line":56,"column":14},"end":{"line":56,"column":51}},{"start":{"line":57,"column":14},"end":{"line":57,"column":43}}]},"6":{"line":61,"type":"switch","locations":[{"start":{"line":68,"column":4},"end":{"line":150,"column":14},"skip":true},{"start":{"line":156,"column":4},"end":{"line":323,"column":14},"skip":true}]},"7":{"line":70,"type":"if","locations":[{"start":{"line":70,"column":12},"end":{"line":70,"column":12},"skip":true},{"start":{"line":70,"column":12},"end":{"line":70,"column":12},"skip":true}]},"8":{"line":70,"type":"binary-expr","locations":[{"start":{"line":70,"column":16},"end":{"line":70,"column":22},"skip":true},{"start":{"line":70,"column":27},"end":{"line":70,"column":32},"skip":true},{"start":{"line":71,"column":20},"end":{"line":71,"column":39},"skip":true},{"start":{"line":72,"column":20},"end":{"line":72,"column":49},"skip":true},{"start":{"line":73,"column":20},"end":{"line":73,"column":58},"skip":true},{"start":{"line":74,"column":20},"end":{"line":74,"column":69},"skip":true}]},"9":{"line":79,"type":"switch","locations":[{"start":{"line":80,"column":20},"end":{"line":80,"column":33},"skip":true},{"start":{"line":81,"column":20},"end":{"line":83,"column":30},"skip":true},{"start":{"line":84,"column":20},"end":{"line":85,"column":49},"skip":true}]},"10":{"line":89,"type":"switch","locations":[{"start":{"line":90,"column":12},"end":{"line":103,"column":22},"skip":true},{"start":{"line":105,"column":12},"end":{"line":106,"column":22},"skip":true}]},"11":{"line":89,"type":"binary-expr","locations":[{"start":{"line":89,"column":20},"end":{"line":89,"column":25},"skip":true},{"start":{"line":89,"column":29},"end":{"line":89,"column":48},"skip":true},{"start":{"line":89,"column":52},"end":{"line":89,"column":74},"skip":true}]},"12":{"line":92,"type":"if","locations":[{"start":{"line":92,"column":16},"end":{"line":92,"column":16},"skip":true},{"start":{"line":92,"column":16},"end":{"line":92,"column":16},"skip":true}]},"13":{"line":108,"type":"if","locations":[{"start":{"line":108,"column":12},"end":{"line":108,"column":12},"skip":true},{"start":{"line":108,"column":12},"end":{"line":108,"column":12},"skip":true}]},"14":{"line":108,"type":"binary-expr","locations":[{"start":{"line":108,"column":16},"end":{"line":108,"column":61},"skip":true},{"start":{"line":108,"column":66},"end":{"line":108,"column":72},"skip":true},{"start":{"line":108,"column":77},"end":{"line":108,"column":82},"skip":true},{"start":{"line":109,"column":20},"end":{"line":109,"column":39},"skip":true},{"start":{"line":110,"column":20},"end":{"line":110,"column":49},"skip":true},{"start":{"line":111,"column":20},"end":{"line":111,"column":58},"skip":true},{"start":{"line":112,"column":20},"end":{"line":112,"column":68},"skip":true}]},"15":{"line":129,"type":"if","locations":[{"start":{"line":129,"column":16},"end":{"line":129,"column":16},"skip":true},{"start":{"line":129,"column":16},"end":{"line":129,"column":16},"skip":true}]},"16":{"line":134,"type":"cond-expr","locations":[{"start":{"line":135,"column":26},"end":{"line":135,"column":29},"skip":true},{"start":{"line":136,"column":26},"end":{"line":136,"column":54},"skip":true}]},"17":{"line":164,"type":"binary-expr","locations":[{"start":{"line":164,"column":27},"end":{"line":164,"column":43},"skip":true},{"start":{"line":164,"column":47},"end":{"line":164,"column":49},"skip":true}]},"18":{"line":258,"type":"if","locations":[{"start":{"line":258,"column":8},"end":{"line":258,"column":8},"skip":true},{"start":{"line":258,"column":8},"end":{"line":258,"column":8},"skip":true}]},"19":{"line":275,"type":"switch","locations":[{"start":{"line":276,"column":20},"end":{"line":277,"column":64},"skip":true},{"start":{"line":278,"column":20},"end":{"line":279,"column":40},"skip":true},{"start":{"line":280,"column":20},"end":{"line":281,"column":40},"skip":true},{"start":{"line":282,"column":20},"end":{"line":283,"column":39},"skip":true}]},"20":{"line":288,"type":"if","locations":[{"start":{"line":288,"column":8},"end":{"line":288,"column":8},"skip":true},{"start":{"line":288,"column":8},"end":{"line":288,"column":8},"skip":true}]},"21":{"line":288,"type":"binary-expr","locations":[{"start":{"line":288,"column":12},"end":{"line":288,"column":40},"skip":true},{"start":{"line":288,"column":44},"end":{"line":288,"column":67},"skip":true}]},"22":{"line":292,"type":"binary-expr","locations":[{"start":{"line":292,"column":12},"end":{"line":292,"column":50},"skip":true},{"start":{"line":293,"column":12},"end":{"line":293,"column":53},"skip":true}]},"23":{"line":295,"type":"binary-expr","locations":[{"start":{"line":295,"column":12},"end":{"line":295,"column":65},"skip":true},{"start":{"line":296,"column":12},"end":{"line":301,"column":36},"skip":true}]},"24":{"line":302,"type":"binary-expr","locations":[{"start":{"line":302,"column":43},"end":{"line":302,"column":75},"skip":true},{"start":{"line":302,"column":79},"end":{"line":302,"column":81},"skip":true}]},"25":{"line":305,"type":"if","locations":[{"start":{"line":305,"column":8},"end":{"line":305,"column":8},"skip":true},{"start":{"line":305,"column":8},"end":{"line":305,"column":8},"skip":true}]},"26":{"line":309,"type":"if","locations":[{"start":{"line":309,"column":8},"end":{"line":309,"column":8},"skip":true},{"start":{"line":309,"column":8},"end":{"line":309,"column":8},"skip":true}]},"27":{"line":312,"type":"binary-expr","locations":[{"start":{"line":312,"column":27},"end":{"line":312,"column":43},"skip":true},{"start":{"line":312,"column":47},"end":{"line":312,"column":53},"skip":true}]},"28":{"line":316,"type":"if","locations":[{"start":{"line":316,"column":12},"end":{"line":316,"column":12},"skip":true},{"start":{"line":316,"column":12},"end":{"line":316,"column":12},"skip":true}]}},"code":["/*","example.js","","quickstart example","","instruction","    1. save this script as example.js","    2. run the shell command:","        $ npm install npmtest-pixi.js && PORT=8081 node example.js","    3. play with the browser-demo on http://127.0.0.1:8081","*/","","","","/* istanbul instrument in package npmtest_pixi_js */","/*jslint","    bitwise: true,","    browser: true,","    maxerr: 8,","    maxlen: 96,","    node: true,","    nomen: true,","    regexp: true,","    stupid: true","*/","(function () {","    'use strict';","    var local;","","","","    // run shared js-env code - pre-init","    (function () {","        // init local","        local = {};","        // init modeJs","        local.modeJs = (function () {","            try {","                return typeof navigator.userAgent === 'string' &&","                    typeof document.querySelector('body') === 'object' &&","                    typeof XMLHttpRequest.prototype.open === 'function' &&","                    'browser';","            } catch (errorCaughtBrowser) {","                return module.exports &&","                    typeof process.versions.node === 'string' &&","                    typeof require('http').createServer === 'function' &&","                    'node';","            }","        }());","        // init global","        local.global = local.modeJs === 'browser'","            ? window","            : global;","        // init utility2_rollup","        local = local.global.utility2_rollup || (local.modeJs === 'browser'","            ? local.global.utility2_npmtest_pixi_js","            : global.utility2_moduleExports);","        // export local","        local.global.local = local;","    }());","    switch (local.modeJs) {","","","","    // post-init","    // run browser js-env code - post-init","    /* istanbul ignore next */","    case 'browser':","        local.testRunBrowser = function (event) {","            if (!event || (event &&","                    event.currentTarget &&","                    event.currentTarget.className &&","                    event.currentTarget.className.includes &&","                    event.currentTarget.className.includes('onreset'))) {","                // reset output","                Array.from(","                    document.querySelectorAll('body > .resettable')","                ).forEach(function (element) {","                    switch (element.tagName) {","                    case 'INPUT':","                    case 'TEXTAREA':","                        element.value = '';","                        break;","                    default:","                        element.textContent = '';","                    }","                });","            }","            switch (event && event.currentTarget && event.currentTarget.id) {","            case 'testRunButton1':","                // show tests","                if (document.querySelector('#testReportDiv1').style.display === 'none') {","                    document.querySelector('#testReportDiv1').style.display = 'block';","                    document.querySelector('#testRunButton1').textContent =","                        'hide internal test';","                    local.modeTest = true;","                    local.testRunDefault(local);","                // hide tests","                } else {","                    document.querySelector('#testReportDiv1').style.display = 'none';","                    document.querySelector('#testRunButton1').textContent = 'run internal test';","                }","                break;","            // custom-case","            default:","                break;","            }","            if (document.querySelector('#inputTextareaEval1') && (!event || (event &&","                    event.currentTarget &&","                    event.currentTarget.className &&","                    event.currentTarget.className.includes &&","                    event.currentTarget.className.includes('oneval')))) {","                // try to eval input-code","                try {","                    /*jslint evil: true*/","                    eval(document.querySelector('#inputTextareaEval1').value);","                } catch (errorCaught) {","                    console.error(errorCaught);","                }","            }","        };","        // log stderr and stdout to #outputTextareaStdout1","        ['error', 'log'].forEach(function (key) {","            console[key + '_original'] = console[key];","            console[key] = function () {","                var element;","                console[key + '_original'].apply(console, arguments);","                element = document.querySelector('#outputTextareaStdout1');","                if (!element) {","                    return;","                }","                // append text to #outputTextareaStdout1","                element.value += Array.from(arguments).map(function (arg) {","                    return typeof arg === 'string'","                        ? arg","                        : JSON.stringify(arg, null, 4);","                }).join(' ') + '\\n';","                // scroll textarea to bottom","                element.scrollTop = element.scrollHeight;","            };","        });","        // init event-handling","        ['change', 'click', 'keyup'].forEach(function (event) {","            Array.from(document.querySelectorAll('.on' + event)).forEach(function (element) {","                element.addEventListener(event, local.testRunBrowser);","            });","        });","        // run tests","        local.testRunBrowser();","        break;","","","","    // run node js-env code - post-init","    /* istanbul ignore next */","    case 'node':","        // export local","        module.exports = local;","        // require modules","        local.fs = require('fs');","        local.http = require('http');","        local.url = require('url');","        // init assets","        local.assetsDict = local.assetsDict || {};","        /* jslint-ignore-begin */","        local.assetsDict['/assets.index.template.html'] = '\\","<!doctype html>\\n\\","<html lang=\"en\">\\n\\","<head>\\n\\","<meta charset=\"UTF-8\">\\n\\","<meta name=\"viewport\" content=\"width=device-width, initial-scale=1\">\\n\\","<title>{{env.npm_package_name}} (v{{env.npm_package_version}})</title>\\n\\","<style>\\n\\","/*csslint\\n\\","    box-sizing: false,\\n\\","    universal-selector: false\\n\\","*/\\n\\","* {\\n\\","    box-sizing: border-box;\\n\\","}\\n\\","body {\\n\\","    background: #dde;\\n\\","    font-family: Arial, Helvetica, sans-serif;\\n\\","    margin: 2rem;\\n\\","}\\n\\","body > * {\\n\\","    margin-bottom: 1rem;\\n\\","}\\n\\",".utility2FooterDiv {\\n\\","    margin-top: 20px;\\n\\","    text-align: center;\\n\\","}\\n\\","</style>\\n\\","<style>\\n\\","/*csslint\\n\\","*/\\n\\","textarea {\\n\\","    font-family: monospace;\\n\\","    height: 10rem;\\n\\","    width: 100%;\\n\\","}\\n\\","textarea[readonly] {\\n\\","    background: #ddd;\\n\\","}\\n\\","</style>\\n\\","</head>\\n\\","<body>\\n\\","<!-- utility2-comment\\n\\","<div id=\"ajaxProgressDiv1\" style=\"background: #d00; height: 2px; left: 0; margin: 0; padding: 0; position: fixed; top: 0; transition: background 0.5s, width 1.5s; width: 25%;\"></div>\\n\\","utility2-comment -->\\n\\","<h1>\\n\\","<!-- utility2-comment\\n\\","    <a\\n\\","        {{#if env.npm_package_homepage}}\\n\\","        href=\"{{env.npm_package_homepage}}\"\\n\\","        {{/if env.npm_package_homepage}}\\n\\","        target=\"_blank\"\\n\\","    >\\n\\","utility2-comment -->\\n\\","        {{env.npm_package_name}} (v{{env.npm_package_version}})\\n\\","<!-- utility2-comment\\n\\","    </a>\\n\\","utility2-comment -->\\n\\","</h1>\\n\\","<h3>{{env.npm_package_description}}</h3>\\n\\","<!-- utility2-comment\\n\\","<h4><a download href=\"assets.app.js\">download standalone app</a></h4>\\n\\","<button class=\"onclick onreset\" id=\"testRunButton1\">run internal test</button><br>\\n\\","<div id=\"testReportDiv1\" style=\"display: none;\"></div>\\n\\","utility2-comment -->\\n\\","\\n\\","\\n\\","\\n\\","<label>stderr and stdout</label>\\n\\","<textarea class=\"resettable\" id=\"outputTextareaStdout1\" readonly></textarea>\\n\\","<!-- utility2-comment\\n\\","{{#if isRollup}}\\n\\","<script src=\"assets.app.js\"></script>\\n\\","{{#unless isRollup}}\\n\\","utility2-comment -->\\n\\","<script src=\"assets.utility2.rollup.js\"></script>\\n\\","<script src=\"jsonp.utility2._stateInit?callback=window.utility2._stateInit\"></script>\\n\\","<script src=\"assets.npmtest_pixi_js.rollup.js\"></script>\\n\\","<script src=\"assets.example.js\"></script>\\n\\","<script src=\"assets.test.js\"></script>\\n\\","<!-- utility2-comment\\n\\","{{/if isRollup}}\\n\\","utility2-comment -->\\n\\","<div class=\"utility2FooterDiv\">\\n\\","    [ this app was created with\\n\\","    <a href=\"https://github.com/kaizhu256/node-utility2\" target=\"_blank\">utility2</a>\\n\\","    ]\\n\\","</div>\\n\\","</body>\\n\\","</html>\\n\\","';","        /* jslint-ignore-end */","        if (local.templateRender) {","            local.assetsDict['/'] = local.templateRender(","                local.assetsDict['/assets.index.template.html'],","                {","                    env: local.objectSetDefault(local.env, {","                        npm_package_description: 'the greatest app in the world!',","                        npm_package_name: 'my-app',","                        npm_package_nameAlias: 'my_app',","                        npm_package_version: '0.0.1'","                    })","                }","            );","        } else {","            local.assetsDict['/'] = local.assetsDict['/assets.index.template.html']","                .replace((/\\{\\{env\\.(\\w+?)\\}\\}/g), function (match0, match1) {","                    // jslint-hack","                    String(match0);","                    switch (match1) {","                    case 'npm_package_description':","                        return 'the greatest app in the world!';","                    case 'npm_package_name':","                        return 'my-app';","                    case 'npm_package_nameAlias':","                        return 'my_app';","                    case 'npm_package_version':","                        return '0.0.1';","                    }","                });","        }","        // run the cli","        if (local.global.utility2_rollup || module !== require.main) {","            break;","        }","        local.assetsDict['/assets.example.js'] =","            local.assetsDict['/assets.example.js'] ||","            local.fs.readFileSync(__filename, 'utf8');","        local.assetsDict['/assets.npmtest_pixi_js.rollup.js'] =","            local.assetsDict['/assets.npmtest_pixi_js.rollup.js'] ||","            local.fs.readFileSync(","                // buildCustomOrg-hack","                local.npmtest_pixi_js.__dirname +","                    '/lib.npmtest_pixi_js.js',","                'utf8'","            ).replace((/^#!/), '//');","        local.assetsDict['/favicon.ico'] = local.assetsDict['/favicon.ico'] || '';","        // if $npm_config_timeout_exit exists,","        // then exit this process after $npm_config_timeout_exit ms","        if (Number(process.env.npm_config_timeout_exit)) {","            setTimeout(process.exit, Number(process.env.npm_config_timeout_exit));","        }","        // start server","        if (local.global.utility2_serverHttp1) {","            break;","        }","        process.env.PORT = process.env.PORT || '8081';","        console.error('server starting on port ' + process.env.PORT);","        local.http.createServer(function (request, response) {","            request.urlParsed = local.url.parse(request.url);","            if (local.assetsDict[request.urlParsed.pathname] !== undefined) {","                response.end(local.assetsDict[request.urlParsed.pathname]);","                return;","            }","            response.statusCode = 404;","            response.end();","        }).listen(process.env.PORT);","        break;","    }","}());",""],"l":{"26":2,"28":2,"33":2,"35":2,"37":2,"38":2,"39":2,"44":1,"51":2,"55":2,"59":2,"61":2,"69":1,"70":2,"76":2,"79":2,"82":2,"83":2,"85":1,"89":2,"92":1,"93":1,"94":1,"96":1,"97":1,"100":1,"101":1,"103":1,"106":1,"108":2,"114":1,"116":1,"118":1,"123":1,"124":2,"125":2,"126":2,"127":2,"128":2,"129":2,"130":1,"133":2,"134":2,"139":2,"143":1,"144":3,"145":1,"149":1,"150":1,"158":1,"160":1,"161":1,"162":1,"164":1,"166":1,"258":1,"259":1,"271":1,"274":6,"275":6,"277":1,"279":2,"281":1,"283":2,"288":1,"289":1,"291":1,"294":1,"302":1,"305":1,"306":1,"309":1,"310":1,"312":1,"313":1,"314":1,"315":1,"316":1,"317":1,"318":1,"320":1,"321":1,"323":1}},"/home/travis/build/npmtest/node-npmtest-pixi.js/node_modules/pixi.js/lib/index.js":{"path":"/home/travis/build/npmtest/node-npmtest-pixi.js/node_modules/pixi.js/lib/index.js","s":{"1":3,"2":3,"3":3,"4":0,"5":0,"6":0,"7":0,"8":0,"9":0,"10":0,"11":0,"12":0,"13":0,"14":0,"15":0,"16":0,"17":0,"18":0,"19":0,"20":0,"21":0,"22":0,"23":0,"24":0,"25":0,"26":0,"27":0,"28":0,"29":0,"30":0,"31":0,"32":0,"33":0,"34":0,"35":0,"36":0,"37":0,"38":0,"39":1,"40":0,"41":0,"42":0,"43":0,"44":0,"45":0,"46":0,"47":0,"48":0,"49":0,"50":0,"51":0,"52":0,"53":0,"54":0,"55":0,"56":0,"57":0,"58":0,"59":0,"60":0,"61":0},"b":{"1":[0,0],"2":[0,0],"3":[0,0],"4":[0,0],"5":[0,0],"6":[0,0],"7":[0,0],"8":[0,0],"9":[0,0],"10":[0,0],"11":[0,0]},"f":{"1":0,"2":0,"3":0,"4":0,"5":0,"6":0,"7":0},"fnMap":{"1":{"name":"(anonymous_1)","line":8,"loc":{"start":{"line":8,"column":31},"end":{"line":8,"column":46}}},"2":{"name":"get","line":12,"loc":{"start":{"line":12,"column":13},"end":{"line":12,"column":28}}},"3":{"name":"(anonymous_3)","line":20,"loc":{"start":{"line":20,"column":34},"end":{"line":20,"column":49}}},"4":{"name":"get","line":24,"loc":{"start":{"line":24,"column":13},"end":{"line":24,"column":28}}},"5":{"name":"(anonymous_5)","line":32,"loc":{"start":{"line":32,"column":27},"end":{"line":32,"column":42}}},"6":{"name":"get","line":36,"loc":{"start":{"line":36,"column":13},"end":{"line":36,"column":28}}},"7":{"name":"_interopRequireWildcard","line":78,"loc":{"start":{"line":78,"column":0},"end":{"line":78,"column":38}}}},"statementMap":{"1":{"start":{"line":3,"column":0},"end":{"line":3,"column":26}},"2":{"start":{"line":4,"column":0},"end":{"line":4,"column":197}},"3":{"start":{"line":6,"column":0},"end":{"line":6,"column":38}},"4":{"start":{"line":8,"column":0},"end":{"line":16,"column":3}},"5":{"start":{"line":9,"column":4},"end":{"line":9,"column":58}},"6":{"start":{"line":9,"column":51},"end":{"line":9,"column":58}},"7":{"start":{"line":10,"column":4},"end":{"line":15,"column":7}},"8":{"start":{"line":13,"column":12},"end":{"line":13,"column":34}},"9":{"start":{"line":18,"column":0},"end":{"line":18,"column":44}},"10":{"start":{"line":20,"column":0},"end":{"line":28,"column":3}},"11":{"start":{"line":21,"column":4},"end":{"line":21,"column":58}},"12":{"start":{"line":21,"column":51},"end":{"line":21,"column":58}},"13":{"start":{"line":22,"column":4},"end":{"line":27,"column":7}},"14":{"start":{"line":25,"column":12},"end":{"line":25,"column":37}},"15":{"start":{"line":30,"column":0},"end":{"line":30,"column":30}},"16":{"start":{"line":32,"column":0},"end":{"line":40,"column":3}},"17":{"start":{"line":33,"column":4},"end":{"line":33,"column":58}},"18":{"start":{"line":33,"column":51},"end":{"line":33,"column":58}},"19":{"start":{"line":34,"column":4},"end":{"line":39,"column":7}},"20":{"start":{"line":37,"column":12},"end":{"line":37,"column":30}},"21":{"start":{"line":42,"column":0},"end":{"line":42,"column":48}},"22":{"start":{"line":44,"column":0},"end":{"line":44,"column":60}},"23":{"start":{"line":46,"column":0},"end":{"line":46,"column":36}},"24":{"start":{"line":48,"column":0},"end":{"line":48,"column":48}},"25":{"start":{"line":50,"column":0},"end":{"line":50,"column":34}},"26":{"start":{"line":52,"column":0},"end":{"line":52,"column":46}},"27":{"start":{"line":54,"column":0},"end":{"line":54,"column":36}},"28":{"start":{"line":56,"column":0},"end":{"line":56,"column":48}},"29":{"start":{"line":58,"column":0},"end":{"line":58,"column":44}},"30":{"start":{"line":60,"column":0},"end":{"line":60,"column":56}},"31":{"start":{"line":62,"column":0},"end":{"line":62,"column":36}},"32":{"start":{"line":64,"column":0},"end":{"line":64,"column":48}},"33":{"start":{"line":66,"column":0},"end":{"line":66,"column":30}},"34":{"start":{"line":68,"column":0},"end":{"line":68,"column":42}},"35":{"start":{"line":70,"column":0},"end":{"line":70,"column":40}},"36":{"start":{"line":72,"column":0},"end":{"line":72,"column":52}},"37":{"start":{"line":74,"column":0},"end":{"line":74,"column":36}},"38":{"start":{"line":76,"column":0},"end":{"line":76,"column":48}},"39":{"start":{"line":78,"column":0},"end":{"line":78,"column":269}},"40":{"start":{"line":78,"column":40},"end":{"line":78,"column":267}},"41":{"start":{"line":78,"column":69},"end":{"line":78,"column":80}},"42":{"start":{"line":78,"column":90},"end":{"line":78,"column":106}},"43":{"start":{"line":78,"column":107},"end":{"line":78,"column":228}},"44":{"start":{"line":78,"column":126},"end":{"line":78,"column":226}},"45":{"start":{"line":78,"column":149},"end":{"line":78,"column":224}},"46":{"start":{"line":78,"column":201},"end":{"line":78,"column":224}},"47":{"start":{"line":78,"column":229},"end":{"line":78,"column":250}},"48":{"start":{"line":78,"column":251},"end":{"line":78,"column":265}},"49":{"start":{"line":84,"column":0},"end":{"line":84,"column":35}},"50":{"start":{"line":96,"column":0},"end":{"line":96,"column":36}},"51":{"start":{"line":98,"column":0},"end":{"line":98,"column":38}},"52":{"start":{"line":99,"column":0},"end":{"line":99,"column":26}},"53":{"start":{"line":100,"column":0},"end":{"line":100,"column":24}},"54":{"start":{"line":101,"column":0},"end":{"line":101,"column":26}},"55":{"start":{"line":102,"column":0},"end":{"line":102,"column":34}},"56":{"start":{"line":103,"column":0},"end":{"line":103,"column":26}},"57":{"start":{"line":104,"column":0},"end":{"line":104,"column":20}},"58":{"start":{"line":105,"column":0},"end":{"line":105,"column":30}},"59":{"start":{"line":106,"column":0},"end":{"line":106,"column":26}},"60":{"start":{"line":107,"column":0},"end":{"line":107,"column":24}},"61":{"start":{"line":111,"column":0},"end":{"line":111,"column":22}}},"branchMap":{"1":{"line":9,"type":"if","locations":[{"start":{"line":9,"column":4},"end":{"line":9,"column":4}},{"start":{"line":9,"column":4},"end":{"line":9,"column":4}}]},"2":{"line":9,"type":"binary-expr","locations":[{"start":{"line":9,"column":8},"end":{"line":9,"column":25}},{"start":{"line":9,"column":29},"end":{"line":9,"column":49}}]},"3":{"line":21,"type":"if","locations":[{"start":{"line":21,"column":4},"end":{"line":21,"column":4}},{"start":{"line":21,"column":4},"end":{"line":21,"column":4}}]},"4":{"line":21,"type":"binary-expr","locations":[{"start":{"line":21,"column":8},"end":{"line":21,"column":25}},{"start":{"line":21,"column":29},"end":{"line":21,"column":49}}]},"5":{"line":33,"type":"if","locations":[{"start":{"line":33,"column":4},"end":{"line":33,"column":4}},{"start":{"line":33,"column":4},"end":{"line":33,"column":4}}]},"6":{"line":33,"type":"binary-expr","locations":[{"start":{"line":33,"column":8},"end":{"line":33,"column":25}},{"start":{"line":33,"column":29},"end":{"line":33,"column":49}}]},"7":{"line":78,"type":"if","locations":[{"start":{"line":78,"column":40},"end":{"line":78,"column":40}},{"start":{"line":78,"column":40},"end":{"line":78,"column":40}}]},"8":{"line":78,"type":"binary-expr","locations":[{"start":{"line":78,"column":44},"end":{"line":78,"column":47}},{"start":{"line":78,"column":51},"end":{"line":78,"column":65}}]},"9":{"line":78,"type":"if","locations":[{"start":{"line":78,"column":107},"end":{"line":78,"column":107}},{"start":{"line":78,"column":107},"end":{"line":78,"column":107}}]},"10":{"line":78,"type":"if","locations":[{"start":{"line":78,"column":149},"end":{"line":78,"column":149}},{"start":{"line":78,"column":149},"end":{"line":78,"column":149}}]},"11":{"line":96,"type":"binary-expr","locations":[{"start":{"line":96,"column":13},"end":{"line":96,"column":27}},{"start":{"line":96,"column":31},"end":{"line":96,"column":35}}]}},"code":["'use strict';","","exports.__esModule = true;","exports.loader = exports.prepare = exports.particles = exports.mesh = exports.loaders = exports.interaction = exports.filters = exports.extras = exports.extract = exports.accessibility = undefined;","","var _polyfill = require('./polyfill');","","Object.keys(_polyfill).forEach(function (key) {","    if (key === \"default\" || key === \"__esModule\") return;","    Object.defineProperty(exports, key, {","        enumerable: true,","        get: function get() {","            return _polyfill[key];","        }","    });","});","","var _deprecation = require('./deprecation');","","Object.keys(_deprecation).forEach(function (key) {","    if (key === \"default\" || key === \"__esModule\") return;","    Object.defineProperty(exports, key, {","        enumerable: true,","        get: function get() {","            return _deprecation[key];","        }","    });","});","","var _core = require('./core');","","Object.keys(_core).forEach(function (key) {","    if (key === \"default\" || key === \"__esModule\") return;","    Object.defineProperty(exports, key, {","        enumerable: true,","        get: function get() {","            return _core[key];","        }","    });","});","","var _accessibility = require('./accessibility');","","var accessibility = _interopRequireWildcard(_accessibility);","","var _extract = require('./extract');","","var extract = _interopRequireWildcard(_extract);","","var _extras = require('./extras');","","var extras = _interopRequireWildcard(_extras);","","var _filters = require('./filters');","","var filters = _interopRequireWildcard(_filters);","","var _interaction = require('./interaction');","","var interaction = _interopRequireWildcard(_interaction);","","var _loaders = require('./loaders');","","var loaders = _interopRequireWildcard(_loaders);","","var _mesh = require('./mesh');","","var mesh = _interopRequireWildcard(_mesh);","","var _particles = require('./particles');","","var particles = _interopRequireWildcard(_particles);","","var _prepare = require('./prepare');","","var prepare = _interopRequireWildcard(_prepare);","","function _interopRequireWildcard(obj) { if (obj && obj.__esModule) { return obj; } else { var newObj = {}; if (obj != null) { for (var key in obj) { if (Object.prototype.hasOwnProperty.call(obj, key)) newObj[key] = obj[key]; } } newObj.default = obj; return newObj; } }","","// export libs","","","// export core","_core.utils.mixins.performMixins();","","/**"," * Alias for {@link PIXI.loaders.shared}."," * @name loader"," * @memberof PIXI"," * @type {PIXI.loader.Loader}"," */","","","// handle mixins now, after all code has been added, including deprecation","// import polyfills. Done as an export to make sure polyfills are imported first","var loader = loaders.shared || null;","","exports.accessibility = accessibility;","exports.extract = extract;","exports.extras = extras;","exports.filters = filters;","exports.interaction = interaction;","exports.loaders = loaders;","exports.mesh = mesh;","exports.particles = particles;","exports.prepare = prepare;","exports.loader = loader;","","// Always export pixi globally.","","global.PIXI = exports; // eslint-disable-line","//# sourceMappingURL=index.js.map"],"l":{"3":3,"4":3,"6":3,"8":0,"9":0,"10":0,"13":0,"18":0,"20":0,"21":0,"22":0,"25":0,"30":0,"32":0,"33":0,"34":0,"37":0,"42":0,"44":0,"46":0,"48":0,"50":0,"52":0,"54":0,"56":0,"58":0,"60":0,"62":0,"64":0,"66":0,"68":0,"70":0,"72":0,"74":0,"76":0,"78":1,"84":0,"96":0,"98":0,"99":0,"100":0,"101":0,"102":0,"103":0,"104":0,"105":0,"106":0,"107":0,"111":0}},"/home/travis/build/npmtest/node-npmtest-pixi.js/node_modules/pixi.js/lib/polyfill/index.js":{"path":"/home/travis/build/npmtest/node-npmtest-pixi.js/node_modules/pixi.js/lib/polyfill/index.js","s":{"1":3,"2":3,"3":3,"4":3,"5":0,"6":0,"7":0,"8":0,"9":0,"10":0,"11":0},"b":{"1":[0,0],"2":[0,0],"3":[0,0],"4":[0,0]},"f":{},"fnMap":{},"statementMap":{"1":{"start":{"line":3,"column":0},"end":{"line":3,"column":27}},"2":{"start":{"line":5,"column":0},"end":{"line":5,"column":35}},"3":{"start":{"line":7,"column":0},"end":{"line":7,"column":23}},"4":{"start":{"line":9,"column":0},"end":{"line":11,"column":1}},"5":{"start":{"line":10,"column":4},"end":{"line":10,"column":31}},"6":{"start":{"line":13,"column":0},"end":{"line":15,"column":1}},"7":{"start":{"line":14,"column":4},"end":{"line":14,"column":32}},"8":{"start":{"line":17,"column":0},"end":{"line":19,"column":1}},"9":{"start":{"line":18,"column":4},"end":{"line":18,"column":31}},"10":{"start":{"line":21,"column":0},"end":{"line":23,"column":1}},"11":{"start":{"line":22,"column":4},"end":{"line":22,"column":31}}},"branchMap":{"1":{"line":9,"type":"if","locations":[{"start":{"line":9,"column":0},"end":{"line":9,"column":0}},{"start":{"line":9,"column":0},"end":{"line":9,"column":0}}]},"2":{"line":13,"type":"if","locations":[{"start":{"line":13,"column":0},"end":{"line":13,"column":0}},{"start":{"line":13,"column":0},"end":{"line":13,"column":0}}]},"3":{"line":17,"type":"if","locations":[{"start":{"line":17,"column":0},"end":{"line":17,"column":0}},{"start":{"line":17,"column":0},"end":{"line":17,"column":0}}]},"4":{"line":21,"type":"if","locations":[{"start":{"line":21,"column":0},"end":{"line":21,"column":0}},{"start":{"line":21,"column":0},"end":{"line":21,"column":0}}]}},"code":["'use strict';","","require('./Object.assign');","","require('./requestAnimationFrame');","","require('./Math.sign');","","if (!window.ArrayBuffer) {","    window.ArrayBuffer = Array;","}","","if (!window.Float32Array) {","    window.Float32Array = Array;","}","","if (!window.Uint32Array) {","    window.Uint32Array = Array;","}","","if (!window.Uint16Array) {","    window.Uint16Array = Array;","}","//# sourceMappingURL=index.js.map"],"l":{"3":3,"5":3,"7":3,"9":3,"10":0,"13":0,"14":0,"17":0,"18":0,"21":0,"22":0}},"/home/travis/build/npmtest/node-npmtest-pixi.js/node_modules/pixi.js/lib/polyfill/Object.assign.js":{"path":"/home/travis/build/npmtest/node-npmtest-pixi.js/node_modules/pixi.js/lib/polyfill/Object.assign.js","s":{"1":1,"2":1,"3":1,"4":1,"5":1,"6":0},"b":{"1":[0,1],"2":[1,1],"3":[0,1]},"f":{"1":1},"fnMap":{"1":{"name":"_interopRequireDefault","line":7,"loc":{"start":{"line":7,"column":0},"end":{"line":7,"column":37}}}},"statementMap":{"1":{"start":{"line":3,"column":0},"end":{"line":3,"column":45}},"2":{"start":{"line":5,"column":0},"end":{"line":5,"column":59}},"3":{"start":{"line":7,"column":0},"end":{"line":7,"column":95}},"4":{"start":{"line":7,"column":39},"end":{"line":7,"column":93}},"5":{"start":{"line":9,"column":0},"end":{"line":11,"column":1}},"6":{"start":{"line":10,"column":4},"end":{"line":10,"column":43}}},"branchMap":{"1":{"line":7,"type":"cond-expr","locations":[{"start":{"line":7,"column":70},"end":{"line":7,"column":73}},{"start":{"line":7,"column":76},"end":{"line":7,"column":92}}]},"2":{"line":7,"type":"binary-expr","locations":[{"start":{"line":7,"column":46},"end":{"line":7,"column":49}},{"start":{"line":7,"column":53},"end":{"line":7,"column":67}}]},"3":{"line":9,"type":"if","locations":[{"start":{"line":9,"column":0},"end":{"line":9,"column":0}},{"start":{"line":9,"column":0},"end":{"line":9,"column":0}}]}},"code":["'use strict';","","var _objectAssign = require('object-assign');","","var _objectAssign2 = _interopRequireDefault(_objectAssign);","","function _interopRequireDefault(obj) { return obj && obj.__esModule ? obj : { default: obj }; }","","if (!Object.assign) {","    Object.assign = _objectAssign2.default;","} // References:","// https://github.com/sindresorhus/object-assign","// https://developer.mozilla.org/en-US/docs/Web/JavaScript/Reference/Global_Objects/Object/assign","//# sourceMappingURL=Object.assign.js.map"],"l":{"3":1,"5":1,"7":1,"9":1,"10":0}},"/home/travis/build/npmtest/node-npmtest-pixi.js/node_modules/pixi.js/lib/polyfill/requestAnimationFrame.js":{"path":"/home/travis/build/npmtest/node-npmtest-pixi.js/node_modules/pixi.js/lib/polyfill/requestAnimationFrame.js","s":{"1":1,"2":1,"3":0,"4":0,"5":1,"6":1,"7":1,"8":1,"9":1,"10":0,"11":1,"12":1,"13":1,"14":4,"15":4,"16":4,"17":1,"18":1,"19":0,"20":0,"21":0,"22":0,"23":0,"24":0,"25":0,"26":0,"27":0,"28":0,"29":1,"30":1,"31":0},"b":{"1":[0,1],"2":[1,1],"3":[1,0],"4":[1,0],"5":[1,0],"6":[5,4],"7":[4,4],"8":[1,0],"9":[0,0],"10":[0,0],"11":[1,0]},"f":{"1":0,"2":0,"3":0,"4":0,"5":0},"fnMap":{"1":{"name":"now","line":18,"loc":{"start":{"line":18,"column":15},"end":{"line":18,"column":30}}},"2":{"name":"(anonymous_2)","line":31,"loc":{"start":{"line":31,"column":29},"end":{"line":31,"column":41}}},"3":{"name":"(anonymous_3)","line":48,"loc":{"start":{"line":48,"column":35},"end":{"line":48,"column":55}}},"4":{"name":"(anonymous_4)","line":62,"loc":{"start":{"line":62,"column":26},"end":{"line":62,"column":38}}},"5":{"name":"(anonymous_5)","line":70,"loc":{"start":{"line":70,"column":34},"end":{"line":70,"column":48}}}},"statementMap":{"1":{"start":{"line":14,"column":0},"end":{"line":14,"column":24}},"2":{"start":{"line":17,"column":0},"end":{"line":21,"column":1}},"3":{"start":{"line":18,"column":4},"end":{"line":20,"column":6}},"4":{"start":{"line":19,"column":8},"end":{"line":19,"column":36}},"5":{"start":{"line":24,"column":0},"end":{"line":34,"column":1}},"6":{"start":{"line":25,"column":4},"end":{"line":25,"column":31}},"7":{"start":{"line":27,"column":4},"end":{"line":29,"column":5}},"8":{"start":{"line":28,"column":8},"end":{"line":28,"column":32}},"9":{"start":{"line":31,"column":4},"end":{"line":33,"column":6}},"10":{"start":{"line":32,"column":8},"end":{"line":32,"column":38}},"11":{"start":{"line":37,"column":0},"end":{"line":37,"column":26}},"12":{"start":{"line":38,"column":0},"end":{"line":38,"column":43}},"13":{"start":{"line":40,"column":0},"end":{"line":45,"column":1}},"14":{"start":{"line":41,"column":4},"end":{"line":41,"column":23}},"15":{"start":{"line":43,"column":4},"end":{"line":43,"column":71}},"16":{"start":{"line":44,"column":4},"end":{"line":44,"column":114}},"17":{"start":{"line":47,"column":0},"end":{"line":67,"column":1}},"18":{"start":{"line":48,"column":4},"end":{"line":66,"column":6}},"19":{"start":{"line":49,"column":8},"end":{"line":51,"column":9}},"20":{"start":{"line":50,"column":12},"end":{"line":50,"column":64}},"21":{"start":{"line":53,"column":8},"end":{"line":53,"column":37}},"22":{"start":{"line":54,"column":8},"end":{"line":54,"column":60}},"23":{"start":{"line":56,"column":8},"end":{"line":58,"column":9}},"24":{"start":{"line":57,"column":12},"end":{"line":57,"column":22}},"25":{"start":{"line":60,"column":8},"end":{"line":60,"column":31}},"26":{"start":{"line":62,"column":8},"end":{"line":65,"column":18}},"27":{"start":{"line":63,"column":12},"end":{"line":63,"column":34}},"28":{"start":{"line":64,"column":12},"end":{"line":64,"column":40}},"29":{"start":{"line":69,"column":0},"end":{"line":73,"column":1}},"30":{"start":{"line":70,"column":4},"end":{"line":72,"column":6}},"31":{"start":{"line":71,"column":8},"end":{"line":71,"column":32}}},"branchMap":{"1":{"line":17,"type":"if","locations":[{"start":{"line":17,"column":0},"end":{"line":17,"column":0}},{"start":{"line":17,"column":0},"end":{"line":17,"column":0}}]},"2":{"line":17,"type":"binary-expr","locations":[{"start":{"line":17,"column":6},"end":{"line":17,"column":14}},{"start":{"line":17,"column":18},"end":{"line":17,"column":40}}]},"3":{"line":24,"type":"if","locations":[{"start":{"line":24,"column":0},"end":{"line":24,"column":0}},{"start":{"line":24,"column":0},"end":{"line":24,"column":0}}]},"4":{"line":24,"type":"binary-expr","locations":[{"start":{"line":24,"column":6},"end":{"line":24,"column":24}},{"start":{"line":24,"column":28},"end":{"line":24,"column":50}}]},"5":{"line":27,"type":"if","locations":[{"start":{"line":27,"column":4},"end":{"line":27,"column":4}},{"start":{"line":27,"column":4},"end":{"line":27,"column":4}}]},"6":{"line":40,"type":"binary-expr","locations":[{"start":{"line":40,"column":16},"end":{"line":40,"column":34}},{"start":{"line":40,"column":38},"end":{"line":40,"column":67}}]},"7":{"line":44,"type":"binary-expr","locations":[{"start":{"line":44,"column":34},"end":{"line":44,"column":68}},{"start":{"line":44,"column":72},"end":{"line":44,"column":113}}]},"8":{"line":47,"type":"if","locations":[{"start":{"line":47,"column":0},"end":{"line":47,"column":0}},{"start":{"line":47,"column":0},"end":{"line":47,"column":0}}]},"9":{"line":49,"type":"if","locations":[{"start":{"line":49,"column":8},"end":{"line":49,"column":8}},{"start":{"line":49,"column":8},"end":{"line":49,"column":8}}]},"10":{"line":56,"type":"if","locations":[{"start":{"line":56,"column":8},"end":{"line":56,"column":8}},{"start":{"line":56,"column":8},"end":{"line":56,"column":8}}]},"11":{"line":69,"type":"if","locations":[{"start":{"line":69,"column":0},"end":{"line":69,"column":0}},{"start":{"line":69,"column":0},"end":{"line":69,"column":0}}]}},"code":["'use strict';","","// References:","// http://paulirish.com/2011/requestanimationframe-for-smart-animating/","// https://gist.github.com/1579671","// http://updates.html5rocks.com/2012/05/requestAnimationFrame-API-now-with-sub-millisecond-precision","// https://gist.github.com/timhall/4078614","// https://github.com/Financial-Times/polyfill-service/tree/master/polyfills/requestAnimationFrame","","// Expected to be used with Browserfiy","// Browserify automatically detects the use of `global` and passes the","// correct reference of `global`, `self`, and finally `window`","","var ONE_FRAME_TIME = 16;","","// Date.now","if (!(Date.now && Date.prototype.getTime)) {","    Date.now = function now() {","        return new Date().getTime();","    };","}","","// performance.now","if (!(global.performance && global.performance.now)) {","    var startTime = Date.now();","","    if (!global.performance) {","        global.performance = {};","    }","","    global.performance.now = function () {","        return Date.now() - startTime;","    };","}","","// requestAnimationFrame","var lastTime = Date.now();","var vendors = ['ms', 'moz', 'webkit', 'o'];","","for (var x = 0; x < vendors.length && !global.requestAnimationFrame; ++x) {","    var p = vendors[x];","","    global.requestAnimationFrame = global[p + 'RequestAnimationFrame'];","    global.cancelAnimationFrame = global[p + 'CancelAnimationFrame'] || global[p + 'CancelRequestAnimationFrame'];","}","","if (!global.requestAnimationFrame) {","    global.requestAnimationFrame = function (callback) {","        if (typeof callback !== 'function') {","            throw new TypeError(callback + 'is not a function');","        }","","        var currentTime = Date.now();","        var delay = ONE_FRAME_TIME + lastTime - currentTime;","","        if (delay < 0) {","            delay = 0;","        }","","        lastTime = currentTime;","","        return setTimeout(function () {","            lastTime = Date.now();","            callback(performance.now());","        }, delay);","    };","}","","if (!global.cancelAnimationFrame) {","    global.cancelAnimationFrame = function (id) {","        return clearTimeout(id);","    };","}","//# sourceMappingURL=requestAnimationFrame.js.map"],"l":{"14":1,"17":1,"18":0,"19":0,"24":1,"25":1,"27":1,"28":1,"31":1,"32":0,"37":1,"38":1,"40":1,"41":4,"43":4,"44":4,"47":1,"48":1,"49":0,"50":0,"53":0,"54":0,"56":0,"57":0,"60":0,"62":0,"63":0,"64":0,"69":1,"70":1,"71":0}},"/home/travis/build/npmtest/node-npmtest-pixi.js/node_modules/pixi.js/lib/polyfill/Math.sign.js":{"path":"/home/travis/build/npmtest/node-npmtest-pixi.js/node_modules/pixi.js/lib/polyfill/Math.sign.js","s":{"1":1,"2":0,"3":0,"4":0,"5":0,"6":0},"b":{"1":[0,1],"2":[0,0],"3":[0,0],"4":[0,0]},"f":{"1":0},"fnMap":{"1":{"name":"mathSign","line":7,"loc":{"start":{"line":7,"column":16},"end":{"line":7,"column":37}}}},"statementMap":{"1":{"start":{"line":6,"column":0},"end":{"line":16,"column":1}},"2":{"start":{"line":7,"column":4},"end":{"line":15,"column":6}},"3":{"start":{"line":8,"column":8},"end":{"line":8,"column":22}},"4":{"start":{"line":10,"column":8},"end":{"line":12,"column":9}},"5":{"start":{"line":11,"column":12},"end":{"line":11,"column":21}},"6":{"start":{"line":14,"column":8},"end":{"line":14,"column":30}}},"branchMap":{"1":{"line":6,"type":"if","locations":[{"start":{"line":6,"column":0},"end":{"line":6,"column":0}},{"start":{"line":6,"column":0},"end":{"line":6,"column":0}}]},"2":{"line":10,"type":"if","locations":[{"start":{"line":10,"column":8},"end":{"line":10,"column":8}},{"start":{"line":10,"column":8},"end":{"line":10,"column":8}}]},"3":{"line":10,"type":"binary-expr","locations":[{"start":{"line":10,"column":12},"end":{"line":10,"column":19}},{"start":{"line":10,"column":23},"end":{"line":10,"column":31}}]},"4":{"line":14,"type":"cond-expr","locations":[{"start":{"line":14,"column":23},"end":{"line":14,"column":24}},{"start":{"line":14,"column":27},"end":{"line":14,"column":29}}]}},"code":["\"use strict\";","","// References:","// https://developer.mozilla.org/en-US/docs/Web/JavaScript/Reference/Global_Objects/Math/sign","","if (!Math.sign) {","    Math.sign = function mathSign(x) {","        x = Number(x);","","        if (x === 0 || isNaN(x)) {","            return x;","        }","","        return x > 0 ? 1 : -1;","    };","}","//# sourceMappingURL=Math.sign.js.map"],"l":{"6":1,"7":0,"8":0,"10":0,"11":0,"14":0}},"/home/travis/build/npmtest/node-npmtest-pixi.js/node_modules/pixi.js/lib/deprecation.js":{"path":"/home/travis/build/npmtest/node-npmtest-pixi.js/node_modules/pixi.js/lib/deprecation.js","s":{"1":2,"2":0,"3":0,"4":0,"5":0,"6":0,"7":0,"8":0,"9":0,"10":0,"11":0,"12":0,"13":0,"14":0,"15":0,"16":0,"17":1,"18":0,"19":0,"20":0,"21":0,"22":0,"23":0,"24":0,"25":0,"26":0,"27":1,"28":0,"29":0,"30":0,"31":0,"32":0,"33":0,"34":0,"35":0,"36":0,"37":0,"38":0,"39":0,"40":0,"41":0,"42":0,"43":0,"44":0,"45":0,"46":0,"47":0,"48":0,"49":0,"50":0,"51":0,"52":0,"53":0,"54":0,"55":0,"56":0,"57":0,"58":0,"59":0,"60":0,"61":0,"62":0,"63":0,"64":0,"65":0,"66":0,"67":0,"68":0,"69":0,"70":0,"71":0,"72":0,"73":0,"74":0,"75":0,"76":0,"77":0,"78":0,"79":0,"80":0,"81":0,"82":0,"83":0,"84":0,"85":0,"86":0,"87":0,"88":0,"89":0,"90":0,"91":0,"92":0,"93":0,"94":0,"95":0,"96":0,"97":0,"98":0,"99":0,"100":0,"101":0,"102":0,"103":0,"104":0,"105":0,"106":0,"107":0,"108":0,"109":0,"110":0,"111":0,"112":0,"113":0,"114":0,"115":0,"116":0,"117":0,"118":0,"119":0,"120":0,"121":0,"122":0,"123":0,"124":0,"125":0,"126":0,"127":0,"128":0,"129":0,"130":0,"131":0,"132":0,"133":0,"134":0,"135":0,"136":0,"137":0,"138":0,"139":0,"140":0,"141":0,"142":0,"143":0,"144":0,"145":0,"146":0,"147":0,"148":0,"149":0,"150":0,"151":0,"152":0,"153":0,"154":0,"155":0,"156":0,"157":0,"158":0,"159":0,"160":0,"161":0,"162":0,"163":0,"164":0,"165":0,"166":0,"167":0,"168":0,"169":0,"170":0,"171":0,"172":0,"173":0,"174":0,"175":0,"176":0,"177":0,"178":0,"179":0,"180":0,"181":0,"182":0,"183":0,"184":0,"185":0,"186":0,"187":0,"188":0,"189":0,"190":0,"191":0,"192":0,"193":0,"194":0,"195":0,"196":0,"197":0,"198":0,"199":0,"200":0,"201":0,"202":0,"203":0,"204":0,"205":0,"206":0,"207":0,"208":0,"209":0,"210":0,"211":0,"212":0,"213":0,"214":0,"215":0,"216":0,"217":0,"218":0,"219":0,"220":0,"221":0,"222":0,"223":0,"224":0,"225":0,"226":0,"227":0,"228":0,"229":0,"230":0,"231":0,"232":0,"233":0,"234":0,"235":0,"236":0,"237":0,"238":0,"239":0,"240":0,"241":0,"242":0,"243":0,"244":0,"245":0,"246":0,"247":0,"248":0,"249":0,"250":0,"251":0,"252":0,"253":0,"254":0,"255":0,"256":0,"257":0,"258":0,"259":0,"260":0,"261":0,"262":0,"263":0,"264":0,"265":0,"266":0,"267":0,"268":0,"269":0,"270":0,"271":0,"272":0,"273":0,"274":0,"275":0,"276":0,"277":0,"278":0,"279":0,"280":0,"281":0,"282":0},"b":{"1":[0,0],"2":[0,0],"3":[0,0],"4":[0,0],"5":[0,0],"6":[0,0],"7":[0,0],"8":[0,0],"9":[0,0],"10":[0,0],"11":[0,0],"12":[0,0],"13":[0,0],"14":[0,0],"15":[0,0],"16":[0,0],"17":[0,0],"18":[0,0],"19":[0,0],"20":[0,0]},"f":{"1":0,"2":0,"3":0,"4":0,"5":0,"6":0,"7":0,"8":0,"9":0,"10":0,"11":0,"12":0,"13":0,"14":0,"15":0,"16":0,"17":0,"18":0,"19":0,"20":0,"21":0,"22":0,"23":0,"24":0,"25":0,"26":0,"27":0,"28":0,"29":0,"30":0,"31":0,"32":0,"33":0,"34":0,"35":0,"36":0,"37":0,"38":0,"39":0,"40":0,"41":0,"42":0,"43":0,"44":0,"45":0,"46":0,"47":0,"48":0,"49":0,"50":0,"51":0,"52":0,"53":0,"54":0,"55":0,"56":0,"57":0,"58":0,"59":0,"60":0,"61":0,"62":0,"63":0,"64":0,"65":0,"66":0,"67":0,"68":0,"69":0,"70":0,"71":0,"72":0,"73":0,"74":0,"75":0,"76":0,"77":0,"78":0,"79":0,"80":0,"81":0,"82":0,"83":0,"84":0,"85":0,"86":0},"fnMap":{"1":{"name":"_interopRequireWildcard","line":35,"loc":{"start":{"line":35,"column":0},"end":{"line":35,"column":38}}},"2":{"name":"warn","line":40,"loc":{"start":{"line":40,"column":0},"end":{"line":40,"column":19}}},"3":{"name":"(anonymous_3)","line":74,"loc":{"start":{"line":74,"column":19},"end":{"line":74,"column":31}}},"4":{"name":"(anonymous_4)","line":87,"loc":{"start":{"line":87,"column":19},"end":{"line":87,"column":31}}},"5":{"name":"get","line":103,"loc":{"start":{"line":103,"column":13},"end":{"line":103,"column":28}}},"6":{"name":"get","line":120,"loc":{"start":{"line":120,"column":13},"end":{"line":120,"column":28}}},"7":{"name":"get","line":137,"loc":{"start":{"line":137,"column":13},"end":{"line":137,"column":28}}},"8":{"name":"get","line":154,"loc":{"start":{"line":154,"column":13},"end":{"line":154,"column":28}}},"9":{"name":"get","line":171,"loc":{"start":{"line":171,"column":13},"end":{"line":171,"column":28}}},"10":{"name":"get","line":188,"loc":{"start":{"line":188,"column":13},"end":{"line":188,"column":28}}},"11":{"name":"get","line":205,"loc":{"start":{"line":205,"column":13},"end":{"line":205,"column":28}}},"12":{"name":"get","line":222,"loc":{"start":{"line":222,"column":13},"end":{"line":222,"column":28}}},"13":{"name":"get","line":239,"loc":{"start":{"line":239,"column":13},"end":{"line":239,"column":28}}},"14":{"name":"get","line":256,"loc":{"start":{"line":256,"column":13},"end":{"line":256,"column":28}}},"15":{"name":"get","line":273,"loc":{"start":{"line":273,"column":13},"end":{"line":273,"column":28}}},"16":{"name":"get","line":290,"loc":{"start":{"line":290,"column":13},"end":{"line":290,"column":28}}},"17":{"name":"get","line":307,"loc":{"start":{"line":307,"column":13},"end":{"line":307,"column":28}}},"18":{"name":"get","line":323,"loc":{"start":{"line":323,"column":13},"end":{"line":323,"column":28}}},"19":{"name":"get","line":339,"loc":{"start":{"line":339,"column":13},"end":{"line":339,"column":28}}},"20":{"name":"get","line":355,"loc":{"start":{"line":355,"column":13},"end":{"line":355,"column":28}}},"21":{"name":"set","line":360,"loc":{"start":{"line":360,"column":13},"end":{"line":360,"column":33}}},"22":{"name":"get","line":376,"loc":{"start":{"line":376,"column":13},"end":{"line":376,"column":28}}},"23":{"name":"set","line":381,"loc":{"start":{"line":381,"column":13},"end":{"line":381,"column":33}}},"24":{"name":"get","line":397,"loc":{"start":{"line":397,"column":13},"end":{"line":397,"column":28}}},"25":{"name":"set","line":402,"loc":{"start":{"line":402,"column":13},"end":{"line":402,"column":33}}},"26":{"name":"get","line":418,"loc":{"start":{"line":418,"column":13},"end":{"
[...]
calling `destroy`.","     *","     */","","","    DisplayObject.prototype.destroy = function destroy() {","        this.removeAllListeners();","        if (this.parent) {","            this.parent.removeChild(this);","        }","        this.transform = null;","","        this.parent = null;","","        this._bounds = null;","        this._currentBounds = null;","        this._mask = null;","","        this.filterArea = null;","","        this.interactive = false;","        this.interactiveChildren = false;","","        this._destroyed = true;","    };","","    /**","     * The position of the displayObject on the x axis relative to the local coordinates of the parent.","     * An alias to position.x","     *","     * @member {number}","     */","","","    _createClass(DisplayObject, [{","        key: '_tempDisplayObjectParent',","        get: function get() {","            if (this.tempDisplayObjectParent === null) {","                this.tempDisplayObjectParent = new DisplayObject();","            }","","            return this.tempDisplayObjectParent;","        }","    }, {","        key: 'x',","        get: function get() {","            return this.position.x;","        },","        set: function set(value) // eslint-disable-line require-jsdoc","        {","            this.transform.position.x = value;","        }","","        /**","         * The position of the displayObject on the y axis relative to the local coordinates of the parent.","         * An alias to position.y","         *","         * @member {number}","         */","","    }, {","        key: 'y',","        get: function get() {","            return this.position.y;","        },","        set: function set(value) // eslint-disable-line require-jsdoc","        {","            this.transform.position.y = value;","        }","","        /**","         * Current transform of the object based on world (parent) factors","         *","         * @member {PIXI.Matrix}","         * @readonly","         */","","    }, {","        key: 'worldTransform',","        get: function get() {","            return this.transform.worldTransform;","        }","","        /**","         * Current transform of the object based on local factors: position, scale, other stuff","         *","         * @member {PIXI.Matrix}","         * @readonly","         */","","    }, {","        key: 'localTransform',","        get: function get() {","            return this.transform.localTransform;","        }","","        /**","         * The coordinate of the object relative to the local coordinates of the parent.","         * Assignment by value since pixi-v4.","         *","         * @member {PIXI.Point|PIXI.ObservablePoint}","         */","","    }, {","        key: 'position',","        get: function get() {","            return this.transform.position;","        },","        set: function set(value) // eslint-disable-line require-jsdoc","        {","            this.transform.position.copy(value);","        }","","        /**","         * The scale factor of the object.","         * Assignment by value since pixi-v4.","         *","         * @member {PIXI.Point|PIXI.ObservablePoint}","         */","","    }, {","        key: 'scale',","        get: function get() {","            return this.transform.scale;","        },","        set: function set(value) // eslint-disable-line require-jsdoc","        {","            this.transform.scale.copy(value);","        }","","        /**","         * The pivot point of the displayObject that it rotates around","         * Assignment by value since pixi-v4.","         *","         * @member {PIXI.Point|PIXI.ObservablePoint}","         */","","    }, {","        key: 'pivot',","        get: function get() {","            return this.transform.pivot;","        },","        set: function set(value) // eslint-disable-line require-jsdoc","        {","            this.transform.pivot.copy(value);","        }","","        /**","         * The skew factor for the object in radians.","         * Assignment by value since pixi-v4.","         *","         * @member {PIXI.ObservablePoint}","         */","","    }, {","        key: 'skew',","        get: function get() {","            return this.transform.skew;","        },","        set: function set(value) // eslint-disable-line require-jsdoc","        {","            this.transform.skew.copy(value);","        }","","        /**","         * The rotation of the object in radians.","         *","         * @member {number}","         */","","    }, {","        key: 'rotation',","        get: function get() {","            return this.transform.rotation;","        },","        set: function set(value) // eslint-disable-line require-jsdoc","        {","            this.transform.rotation = value;","        }","","        /**","         * Indicates if the object is globally visible.","         *","         * @member {boolean}","         * @readonly","         */","","    }, {","        key: 'worldVisible',","        get: function get() {","            var item = this;","","            do {","                if (!item.visible) {","                    return false;","                }","","                item = item.parent;","            } while (item);","","            return true;","        }","","        /**","         * Sets a mask for the displayObject. A mask is an object that limits the visibility of an","         * object to the shape of the mask applied to it. In PIXI a regular mask must be a","         * PIXI.Graphics or a PIXI.Sprite object. This allows for much faster masking in canvas as it","         * utilises shape clipping. To remove a mask, set this property to null.","         *","         * @todo For the moment, PIXI.CanvasRenderer doesn't support PIXI.Sprite as mask.","         *","         * @member {PIXI.Graphics|PIXI.Sprite}","         */","","    }, {","        key: 'mask',","        get: function get() {","            return this._mask;","        },","        set: function set(value) // eslint-disable-line require-jsdoc","        {","            if (this._mask) {","                this._mask.renderable = true;","            }","","            this._mask = value;","","            if (this._mask) {","                this._mask.renderable = false;","            }","        }","","        /**","         * Sets the filters for the displayObject.","         * * IMPORTANT: This is a webGL only feature and will be ignored by the canvas renderer.","         * To remove filters simply set this property to 'null'","         *","         * @member {PIXI.Filter[]}","         */","","    }, {","        key: 'filters',","        get: function get() {","            return this._filters && this._filters.slice();","        },","        set: function set(value) // eslint-disable-line require-jsdoc","        {","            this._filters = value && value.slice();","        }","    }]);","","    return DisplayObject;","}(_eventemitter2.default);","","// performance increase to avoid using call.. (10x faster)","","","exports.default = DisplayObject;","DisplayObject.prototype.displayObjectUpdateTransform = DisplayObject.prototype.updateTransform;","//# sourceMappingURL=DisplayObject.js.map"],"l":{"3":2,"5":2,"7":2,"9":2,"11":2,"13":2,"15":0,"17":0,"19":0,"21":0,"23":0,"25":0,"27":0,"29":0,"31":2,"33":1,"35":1,"37":1,"49":0,"50":0,"55":1,"56":0,"58":0,"60":0,"62":0,"71":0,"78":0,"88":0,"98":0,"106":0,"114":0,"124":0,"126":0,"127":0,"135":0,"136":0,"137":0,"138":0,"139":0,"147":0,"156":0,"171":0,"185":0,"186":0,"188":0,"190":0,"199":0,"200":0,"201":0,"202":0,"204":0,"219":0,"220":0,"221":0,"222":0,"223":0,"224":0,"226":0,"227":0,"231":0,"232":0,"235":0,"236":0,"237":0,"240":0,"243":0,"254":0,"255":0,"256":0,"258":0,"259":0,"261":0,"262":0,"263":0,"266":0,"269":0,"271":0,"272":0,"274":0,"288":0,"289":0,"291":0,"292":0,"297":0,"298":0,"299":0,"300":0,"302":0,"307":0,"322":0,"323":0,"324":0,"327":0,"328":0,"333":0,"334":0,"335":0,"336":0,"338":0,"343":0,"353":0,"365":0,"378":0,"379":0,"380":0,"383":0,"385":0,"404":0,"405":0,"406":0,"407":0,"408":0,"409":0,"410":0,"411":0,"412":0,"413":0,"415":0,"416":0,"417":0,"418":0,"419":0,"420":0,"421":0,"422":0,"423":0,"425":0,"437":0,"438":0,"439":0,"440":0,"442":0,"444":0,"446":0,"447":0,"448":0,"450":0,"452":0,"453":0,"455":0,"466":0,"469":0,"470":0,"473":0,"478":0,"482":0,"495":0,"499":0,"512":0,"525":0,"538":0,"542":0,"555":0,"559":0,"572":0,"576":0,"589":0,"593":0,"605":0,"609":0,"622":0,"624":0,"625":0,"626":0,"629":0,"632":0,"649":0,"653":0,"654":0,"657":0,"659":0,"660":0,"675":0,"679":0,"683":0,"689":0,"690":0}},"/home/travis/build/npmtest/node-npmtest-pixi.js/node_modules/pixi.js/lib/core/settings.js":{"path":"/home/travis/build/npmtest/node-npmtest-pixi.js/node_modules/pixi.js/lib/core/settings.js","s":{"1":2,"2":2,"3":2,"4":2,"5":2,"6":1,"7":4,"8":2},"b":{"1":[4,0],"2":[4,4]},"f":{"1":4},"fnMap":{"1":{"name":"_interopRequireDefault","line":13,"loc":{"start":{"line":13,"column":0},"end":{"line":13,"column":37}}}},"statementMap":{"1":{"start":{"line":3,"column":0},"end":{"line":3,"column":26}},"2":{"start":{"line":5,"column":0},"end":{"line":5,"column":72}},"3":{"start":{"line":7,"column":0},"end":{"line":7,"column":79}},"4":{"start":{"line":9,"column":0},"end":{"line":9,"column":66}},"5":{"start":{"line":11,"column":0},"end":{"line":11,"column":73}},"6":{"start":{"line":13,"column":0},"end":{"line":13,"column":95}},"7":{"start":{"line":13,"column":39},"end":{"line":13,"column":93}},"8":{"start":{"line":27,"column":0},"end":{"line":233,"column":2}}},"branchMap":{"1":{"line":13,"type":"cond-expr","locations":[{"start":{"line":13,"column":70},"end":{"line":13,"column":73}},{"start":{"line":13,"column":76},"end":{"line":13,"column":92}}]},"2":{"line":13,"type":"binary-expr","locations":[{"start":{"line":13,"column":46},"end":{"line":13,"column":49}},{"start":{"line":13,"column":53},"end":{"line":13,"column":67}}]}},"code":["'use strict';","","exports.__esModule = true;","","var _maxRecommendedTextures = require('./utils/maxRecommendedTextures');","","var _maxRecommendedTextures2 = _interopRequireDefault(_maxRecommendedTextures);","","var _canUploadSameBuffer = require('./utils/canUploadSameBuffer');","","var _canUploadSameBuffer2 = _interopRequireDefault(_canUploadSameBuffer);","","function _interopRequireDefault(obj) { return obj && obj.__esModule ? obj : { default: obj }; }","","/**"," * User's customizable globals for overriding the default PIXI settings, such"," * as a renderer's default resolution, framerate, float percision, etc."," * @example"," * // Use the native window resolution as the default resolution"," * // will support high-density displays when rendering"," * PIXI.settings.RESOLUTION = window.devicePixelRatio."," *"," * // Disable interpolation when scaling, will make texture be pixelated"," * PIXI.settings.SCALE_MODE = PIXI.SCALE_MODES.NEAREST;"," * @namespace PIXI.settings"," */","exports.default = {","","  /**","   * Target frames per millisecond.","   *","   * @static","   * @memberof PIXI.settings","   * @type {number}","   * @default 0.06","   */","  TARGET_FPMS: 0.06,","","  /**","   * If set to true WebGL will attempt make textures mimpaped by default.","   * Mipmapping will only succeed if the base texture uploaded has power of two dimensions.","   *","   * @static","   * @memberof PIXI.settings","   * @type {boolean}","   * @default true","   */","  MIPMAP_TEXTURES: true,","","  /**","   * Default resolution / device pixel ratio of the renderer.","   *","   * @static","   * @memberof PIXI.settings","   * @type {number}","   * @default 1","   */","  RESOLUTION: 1,","","  /**","   * Default filter resolution.","   *","   * @static","   * @memberof PIXI.settings","   * @type {number}","   * @default 1","   */","  FILTER_RESOLUTION: 1,","","  /**","   * The maximum textures that this device supports.","   *","   * @static","   * @memberof PIXI.settings","   * @type {number}","   * @default 32","   */","  SPRITE_MAX_TEXTURES: (0, _maxRecommendedTextures2.default)(32),","","  // TODO: maybe change to SPRITE.BATCH_SIZE: 2000","  // TODO: maybe add PARTICLE.BATCH_SIZE: 15000","","  /**","   * The default sprite batch size.","   *","   * The default aims to balance desktop and mobile devices.","   *","   * @static","   * @memberof PIXI.settings","   * @type {number}","   * @default 4096","   */","  SPRITE_BATCH_SIZE: 4096,","","  /**","   * The prefix that denotes a URL is for a retina asset.","   *","   * @static","   * @memberof PIXI.settings","   * @type {RegExp}","   * @example `@2x`","   * @default /@([0-9\\.]+)x/","   */","  RETINA_PREFIX: /@([0-9\\.]+)x/,","","  /**","   * The default render options if none are supplied to {@link PIXI.WebGLRenderer}","   * or {@link PIXI.CanvasRenderer}.","   *","   * @static","   * @constant","   * @memberof PIXI.settings","   * @type {object}","   * @property {HTMLCanvasElement} view=null","   * @property {number} resolution=1","   * @property {boolean} antialias=false","   * @property {boolean} forceFXAA=false","   * @property {boolean} autoResize=false","   * @property {boolean} transparent=false","   * @property {number} backgroundColor=0x000000","   * @property {boolean} clearBeforeRender=true","   * @property {boolean} preserveDrawingBuffer=false","   * @property {boolean} roundPixels=false","   * @property {number} width=800","   * @property {number} height=600","   * @property {boolean} legacy=false","   */","  RENDER_OPTIONS: {","    view: null,","    antialias: false,","    forceFXAA: false,","    autoResize: false,","    transparent: false,","    backgroundColor: 0x000000,","    clearBeforeRender: true,","    preserveDrawingBuffer: false,","    roundPixels: false,","    width: 800,","    height: 600,","    legacy: false","  },","","  /**","   * Default transform type.","   *","   * @static","   * @memberof PIXI.settings","   * @type {PIXI.TRANSFORM_MODE}","   * @default PIXI.TRANSFORM_MODE.STATIC","   */","  TRANSFORM_MODE: 0,","","  /**","   * Default Garbage Collection mode.","   *","   * @static","   * @memberof PIXI.settings","   * @type {PIXI.GC_MODES}","   * @default PIXI.GC_MODES.AUTO","   */","  GC_MODE: 0,","","  /**","   * Default Garbage Collection max idle.","   *","   * @static","   * @memberof PIXI.settings","   * @type {number}","   * @default 3600","   */","  GC_MAX_IDLE: 60 * 60,","","  /**","   * Default Garbage Collection maximum check count.","   *","   * @static","   * @memberof PIXI.settings","   * @type {number}","   * @default 600","   */","  GC_MAX_CHECK_COUNT: 60 * 10,","","  /**","   * Default wrap modes that are supported by pixi.","   *","   * @static","   * @memberof PIXI.settings","   * @type {PIXI.WRAP_MODES}","   * @default PIXI.WRAP_MODES.CLAMP","   */","  WRAP_MODE: 0,","","  /**","   * The scale modes that are supported by pixi.","   *","   * @static","   * @memberof PIXI.settings","   * @type {PIXI.SCALE_MODES}","   * @default PIXI.SCALE_MODES.LINEAR","   */","  SCALE_MODE: 0,","","  /**","   * Default specify float precision in vertex shader.","   *","   * @static","   * @memberof PIXI.settings","   * @type {PIXI.PRECISION}","   * @default PIXI.PRECISION.HIGH","   */","  PRECISION_VERTEX: 'highp',","","  /**","   * Default specify float precision in fragment shader.","   *","   * @static","   * @memberof PIXI.settings","   * @type {PIXI.PRECISION}","   * @default PIXI.PRECISION.MEDIUM","   */","  PRECISION_FRAGMENT: 'mediump',","","  /**","   * Can we upload the same buffer in a single frame?","   *","   * @static","   * @constant","   * @memberof PIXI","   * @type {boolean}","   */","  CAN_UPLOAD_SAME_BUFFER: (0, _canUploadSameBuffer2.default)()","","};","//# sourceMappingURL=settings.js.map"],"l":{"3":2,"5":2,"7":2,"9":2,"11":2,"13":4,"27":2}},"/home/travis/build/npmtest/node-npmtest-pixi.js/node_modules/pixi.js/lib/core/utils/maxRecommendedTextures.js":{"path":"/home/travis/build/npmtest/node-npmtest-pixi.js/node_modules/pixi.js/lib/core/utils/maxRecommendedTextures.js","s":{"1":1,"2":1,"3":1,"4":1,"5":1,"6":1,"7":1,"8":2,"9":0,"10":2},"b":{"1":[0,1],"2":[1,1],"3":[0,2],"4":[2,2]},"f":{"1":1,"2":2},"fnMap":{"1":{"name":"_interopRequireDefault","line":10,"loc":{"start":{"line":10,"column":0},"end":{"line":10,"column":37}}},"2":{"name":"maxRecommendedTextures","line":12,"loc":{"start":{"line":12,"column":0},"end":{"line":12,"column":37}}}},"statementMap":{"1":{"start":{"line":3,"column":0},"end":{"line":3,"column":26}},"2":{"start":{"line":4,"column":0},"end":{"line":4,"column":41}},"3":{"start":{"line":6,"column":0},"end":{"line":6,"column":40}},"4":{"start":{"line":8,"column":0},"end":{"line":8,"column":55}},"5":{"start":{"line":10,"column":0},"end":{"line":10,"column":95}},"6":{"start":{"line":10,"column":39},"end":{"line":10,"column":93}},"7":{"start":{"line":12,"column":0},"end":{"line":20,"column":1}},"8":{"start":{"line":13,"column":4},"end":{"line":16,"column":5}},"9":{"start":{"line":15,"column":8},"end":{"line":15,"column":17}},"10":{"start":{"line":19,"column":4},"end":{"line":19,"column":15}}},"branchMap":{"1":{"line":10,"type":"cond-expr","locations":[{"start":{"line":10,"column":70},"end":{"line":10,"column":73}},{"start":{"line":10,"column":76},"end":{"line":10,"column":92}}]},"2":{"line":10,"type":"binary-expr","locations":[{"start":{"line":10,"column":46},"end":{"line":10,"column":49}},{"start":{"line":10,"column":53},"end":{"line":10,"column":67}}]},"3":{"line":13,"type":"if","locations":[{"start":{"line":13,"column":4},"end":{"line":13,"column":4}},{"start":{"line":13,"column":4},"end":{"line":13,"column":4}}]},"4":{"line":13,"type":"binary-expr","locations":[{"start":{"line":13,"column":8},"end":{"line":13,"column":35}},{"start":{"line":13,"column":39},"end":{"line":13,"column":65}}]}},"code":["'use strict';","","exports.__esModule = true;","exports.default = maxRecommendedTextures;","","var _ismobilejs = require('ismobilejs');","","var _ismobilejs2 = _interopRequireDefault(_ismobilejs);","","function _interopRequireDefault(obj) { return obj && obj.__esModule ? obj : { default: obj }; }","","function maxRecommendedTextures(max) {","    if (_ismobilejs2.default.tablet || _ismobilejs2.default.phone) {","        // check if the res is iphone 6 or higher..","        return 4;","    }","","    // desktop should be ok","    return max;","}","//# sourceMappingURL=maxRecommendedTextures.js.map"],"l":{"3":1,"4":1,"6":1,"8":1,"10":1,"12":1,"13":2,"15":0,"19":2}},"/home/travis/build/npmtest/node-npmtest-pixi.js/node_modules/pixi.js/lib/core/utils/canUploadSameBuffer.js":{"path":"/home/travis/build/npmtest/node-npmtest-pixi.js/node_modules/pixi.js/lib/core/utils/canUploadSameBuffer.js","s":{"1":1,"2":1,"3":1,"4":2,"5":0},"b":{"1":[2,0]},"f":{"1":2},"fnMap":{"1":{"name":"canUploadSameBuffer","line":5,"loc":{"start":{"line":5,"column":0},"end":{"line":5,"column":31}}}},"statementMap":{"1":{"start":{"line":3,"column":0},"end":{"line":3,"column":26}},"2":{"start":{"line":4,"column":0},"end":{"line":4,"column":38}},"3":{"start":{"line":5,"column":0},"end":{"line":12,"column":1}},"4":{"start":{"line":9,"column":1},"end":{"line":9,"column":79}},"5":{"start":{"line":11,"column":1},"end":{"line":11,"column":13}}},"branchMap":{"1":{"line":9,"type":"binary-expr","locations":[{"start":{"line":9,"column":11},"end":{"line":9,"column":31}},{"start":{"line":9,"column":35},"end":{"line":9,"column":78}}]}},"code":["\"use strict\";","","exports.__esModule = true;","exports.default = canUploadSameBuffer;","function canUploadSameBuffer() {","\t// Uploading the same buffer multiple times in a single frame can cause perf issues.","\t// Apparent on IOS so only check for that at the moment","\t// this check may become more complex if this issue pops up elsewhere.","\tvar ios = !!navigator.platform && /iPad|iPhone|iPod/.test(navigator.platform);","","\treturn !ios;","}","//# sourceMappingURL=canUploadSameBuffer.js.map"],"l":{"3":1,"4":1,"5":1,"9":2,"11":0}}}